2019-08-07 02:23:53,613  INFO [main] ApiTestCase:34 - verifyApiResponse Test Started!
2019-08-07 02:23:55,579 DEBUG [main] BasicClientConnectionManager:161 - Get connection for route {s}->https://maps.googleapis.com:443
2019-08-07 02:23:55,594 DEBUG [main] DefaultClientConnectionOperator:177 - Connecting to maps.googleapis.com:443
2019-08-07 02:23:56,035 DEBUG [main] RequestAddCookies:123 - CookieSpec selected: ignoreCookies
2019-08-07 02:23:56,037 DEBUG [main] RequestAuthCache:77 - Auth cache not set in the context
2019-08-07 02:23:56,038 DEBUG [main] RequestTargetAuthentication:80 - Target auth state: UNCHALLENGED
2019-08-07 02:23:56,040 DEBUG [main] RequestProxyAuthentication:89 - Proxy auth state: UNCHALLENGED
2019-08-07 02:23:56,041 DEBUG [main] DefaultHttpClient:682 - Attempt 1 to execute request
2019-08-07 02:23:56,042 DEBUG [main] DefaultClientConnection:274 - Sending request: GET /maps/api/geocode/json?address=1600%20Amphitheatre%20Parkway%20Mountain%20View%20CA&key=AIzaSyB6WPDbU_19sYkA18qXtCSnV461XcCzR3M HTTP/1.1
2019-08-07 02:23:56,043 DEBUG [main] wire:73 -  >> "GET /maps/api/geocode/json?address=1600%20Amphitheatre%20Parkway%20Mountain%20View%20CA&key=AIzaSyB6WPDbU_19sYkA18qXtCSnV461XcCzR3M HTTP/1.1[\r][\n]"
2019-08-07 02:23:56,044 DEBUG [main] wire:73 -  >> "Accept: */*[\r][\n]"
2019-08-07 02:23:56,045 DEBUG [main] wire:73 -  >> "Host: maps.googleapis.com[\r][\n]"
2019-08-07 02:23:56,046 DEBUG [main] wire:73 -  >> "Connection: Keep-Alive[\r][\n]"
2019-08-07 02:23:56,046 DEBUG [main] wire:73 -  >> "User-Agent: Apache-HttpClient/4.5.3 (Java/1.8.0_181)[\r][\n]"
2019-08-07 02:23:56,047 DEBUG [main] wire:73 -  >> "Accept-Encoding: gzip,deflate[\r][\n]"
2019-08-07 02:23:56,047 DEBUG [main] wire:73 -  >> "[\r][\n]"
2019-08-07 02:23:56,048 DEBUG [main] headers:278 - >> GET /maps/api/geocode/json?address=1600%20Amphitheatre%20Parkway%20Mountain%20View%20CA&key=AIzaSyB6WPDbU_19sYkA18qXtCSnV461XcCzR3M HTTP/1.1
2019-08-07 02:23:56,049 DEBUG [main] headers:281 - >> Accept: */*
2019-08-07 02:23:56,050 DEBUG [main] headers:281 - >> Host: maps.googleapis.com
2019-08-07 02:23:56,050 DEBUG [main] headers:281 - >> Connection: Keep-Alive
2019-08-07 02:23:56,051 DEBUG [main] headers:281 - >> User-Agent: Apache-HttpClient/4.5.3 (Java/1.8.0_181)
2019-08-07 02:23:56,051 DEBUG [main] headers:281 - >> Accept-Encoding: gzip,deflate
2019-08-07 02:23:56,563 DEBUG [main] wire:73 -  << "HTTP/1.1 200 OK[\r][\n]"
2019-08-07 02:23:56,567 DEBUG [main] wire:73 -  << "Content-Type: application/json; charset=UTF-8[\r][\n]"
2019-08-07 02:23:56,568 DEBUG [main] wire:73 -  << "Date: Tue, 06 Aug 2019 20:53:56 GMT[\r][\n]"
2019-08-07 02:23:56,569 DEBUG [main] wire:73 -  << "Pragma: no-cache[\r][\n]"
2019-08-07 02:23:56,570 DEBUG [main] wire:73 -  << "Expires: Fri, 01 Jan 1990 00:00:00 GMT[\r][\n]"
2019-08-07 02:23:56,571 DEBUG [main] wire:73 -  << "Cache-Control: no-cache, must-revalidate[\r][\n]"
2019-08-07 02:23:56,573 DEBUG [main] wire:73 -  << "Vary: Accept-Language[\r][\n]"
2019-08-07 02:23:56,574 DEBUG [main] wire:73 -  << "Access-Control-Allow-Origin: *[\r][\n]"
2019-08-07 02:23:56,575 DEBUG [main] wire:73 -  << "Content-Encoding: gzip[\r][\n]"
2019-08-07 02:23:56,576 DEBUG [main] wire:73 -  << "Server: mafe[\r][\n]"
2019-08-07 02:23:56,577 DEBUG [main] wire:73 -  << "X-XSS-Protection: 0[\r][\n]"
2019-08-07 02:23:56,578 DEBUG [main] wire:73 -  << "X-Frame-Options: SAMEORIGIN[\r][\n]"
2019-08-07 02:23:56,579 DEBUG [main] wire:73 -  << "Server-Timing: gfet4t7; dur=431[\r][\n]"
2019-08-07 02:23:56,580 DEBUG [main] wire:73 -  << "Alt-Svc: quic=":443"; ma=2592000; v="46,43,39"[\r][\n]"
2019-08-07 02:23:56,581 DEBUG [main] wire:73 -  << "Transfer-Encoding: chunked[\r][\n]"
2019-08-07 02:23:56,583 DEBUG [main] wire:73 -  << "[\r][\n]"
2019-08-07 02:23:56,585 DEBUG [main] DefaultClientConnection:259 - Receiving response: HTTP/1.1 200 OK
2019-08-07 02:23:56,586 DEBUG [main] headers:262 - << HTTP/1.1 200 OK
2019-08-07 02:23:56,587 DEBUG [main] headers:265 - << Content-Type: application/json; charset=UTF-8
2019-08-07 02:23:56,588 DEBUG [main] headers:265 - << Date: Tue, 06 Aug 2019 20:53:56 GMT
2019-08-07 02:23:56,590 DEBUG [main] headers:265 - << Pragma: no-cache
2019-08-07 02:23:56,591 DEBUG [main] headers:265 - << Expires: Fri, 01 Jan 1990 00:00:00 GMT
2019-08-07 02:23:56,592 DEBUG [main] headers:265 - << Cache-Control: no-cache, must-revalidate
2019-08-07 02:23:56,594 DEBUG [main] headers:265 - << Vary: Accept-Language
2019-08-07 02:23:56,595 DEBUG [main] headers:265 - << Access-Control-Allow-Origin: *
2019-08-07 02:23:56,596 DEBUG [main] headers:265 - << Content-Encoding: gzip
2019-08-07 02:23:56,597 DEBUG [main] headers:265 - << Server: mafe
2019-08-07 02:23:56,598 DEBUG [main] headers:265 - << X-XSS-Protection: 0
2019-08-07 02:23:56,600 DEBUG [main] headers:265 - << X-Frame-Options: SAMEORIGIN
2019-08-07 02:23:56,601 DEBUG [main] headers:265 - << Server-Timing: gfet4t7; dur=431
2019-08-07 02:23:56,602 DEBUG [main] headers:265 - << Alt-Svc: quic=":443"; ma=2592000; v="46,43,39"
2019-08-07 02:23:56,603 DEBUG [main] headers:265 - << Transfer-Encoding: chunked
2019-08-07 02:23:56,610 DEBUG [main] DefaultHttpClient:509 - Connection can be kept alive indefinitely
2019-08-07 02:23:56,633 DEBUG [main] RequestSpecificationImpl$RestAssuredHttpBuilder:544 - Parsing response as: application/json; charset=UTF-8
2019-08-07 02:23:56,635 DEBUG [main] wire:73 -  << "001[\r][\n]"
2019-08-07 02:23:56,636 DEBUG [main] wire:87 -  << "[0x1f]"
2019-08-07 02:23:56,636 DEBUG [main] wire:73 -  << "[\r][\n]"
2019-08-07 02:23:56,637 DEBUG [main] wire:73 -  << "d4[\r][\n]"
2019-08-07 02:23:56,637 DEBUG [main] wire:87 -  << "[0x8b][0x8][0x0][0x0][0x0][0x0][0x0][0x2][0xff]mO=O[0xc3]0[0x14][0xdc][0xf3]+N[0x9e][0xdb]f[0xcf][0xc6][0xd0]![0x12][0x8]Z[0x1]R[0x85]Pd[0xec][0x97][0xc4]([0xf1]K[0xfd][0x9e]#"[0xc4]'m[0x19][0x19][0xef]t[0x9f][0xdf][0x5][0x0]C)qjF[0x12][0xb1][0x1d][0x19]T0'[0xce][0xe8][0xed]L[0xa0]/G[0xe4][0xc9]c[0xe1][0x9c][0xe0]m[0x18][0x16]$:g[0x12][0xc5]9[0xb3]Z[0xb4][0x9c][0xa0]}[0x10][0xdc]=[0xd5];[0xd4][0xed]E[0x9][0x1f]<"+[0x84][0x14][0x16].[0x8b][0xf2][0xf8][0x9f]{[0x83][0x99]Rh[0x97][[0xfc][0x94][0xf8][0x93][0x9c][0xae][0xcd][0x2][0x1b]a[0x9d][0x86]u[0xc2]G[0x18][0x86][0x10][0xbb][0x15]:[0xce]Q+[0xf4][0xaa]SU[0x96][0xdd][0xce]q[0xe9]i.G;[0xc9]6[0xf2][0xf6]O`6[0xd7]S[0x89]$[0xf]*[0x97];o[0xef]7J[0xd4]j[0xbe]2[0xe6][0xf1]ul[0xe]/[0xfb][0xe3][0xa9][0xb9][0xaf][0x1f][0xea]gS[0xfc][0x14][0xbf]qO[0x3]~[\r][0x1][0x0][0x0]"
2019-08-07 02:23:56,638 DEBUG [main] wire:73 -  << "[\r][\n]"
2019-08-07 02:23:56,639 DEBUG [main] wire:73 -  << "0[\r][\n]"
2019-08-07 02:23:56,640 DEBUG [main] wire:73 -  << "[\r][\n]"
2019-08-07 02:23:56,641 DEBUG [main] RequestSpecificationImpl$RestAssuredHttpBuilder:547 - Parsed data to instance of: class org.apache.http.conn.EofSensorInputStream
2019-08-07 02:23:56,684 DEBUG [main] BasicClientConnectionManager:200 - Releasing connection org.apache.http.impl.conn.ManagedClientConnectionImpl@37bd68c3
2019-08-07 02:23:56,685 DEBUG [main] BasicClientConnectionManager:225 - Connection can be kept alive indefinitely
2019-08-07 02:23:56,687  INFO [main] ApiTestCase:40 - Get Response for the API{
   "error_message" : "You have exceeded your daily request quota for this API. If you did not set a custom daily request quota, verify your project has an active billing account: http://g.co/dev/maps-no-account",
   "results" : [],
   "status" : "OVER_QUERY_LIMIT"
}

2019-08-07 02:23:56,689  INFO [main] ApiTestCase:42 - Verify the Status Code of the Response
2019-08-07 02:23:56,695  INFO [main] ApiTestCase:60 - verifyApiResponse Test Ended!
2019-08-07 02:23:56,697  INFO [main] ApiTestCase:34 - verifyApiResponse Test Started!
2019-08-07 02:23:56,718 DEBUG [main] BasicClientConnectionManager:161 - Get connection for route {s}->https://maps.googleapis.com:443
2019-08-07 02:23:56,718 DEBUG [main] DefaultClientConnectionOperator:177 - Connecting to maps.googleapis.com:443
2019-08-07 02:23:56,833 DEBUG [main] RequestAddCookies:123 - CookieSpec selected: ignoreCookies
2019-08-07 02:23:56,834 DEBUG [main] RequestAuthCache:77 - Auth cache not set in the context
2019-08-07 02:23:56,835 DEBUG [main] RequestTargetAuthentication:80 - Target auth state: UNCHALLENGED
2019-08-07 02:23:56,836 DEBUG [main] RequestProxyAuthentication:89 - Proxy auth state: UNCHALLENGED
2019-08-07 02:23:56,836 DEBUG [main] DefaultHttpClient:682 - Attempt 1 to execute request
2019-08-07 02:23:56,837 DEBUG [main] DefaultClientConnection:274 - Sending request: GET /maps/api/geocode/json?address=San%20Jose%20Costa%20Mesa%20Orange%20County%20California%2092626%20USA&key=AIzaSyB6WPDbU_19sYkA18qXtCSnV461XcCzR3M HTTP/1.1
2019-08-07 02:23:56,837 DEBUG [main] wire:73 -  >> "GET /maps/api/geocode/json?address=San%20Jose%20Costa%20Mesa%20Orange%20County%20California%2092626%20USA&key=AIzaSyB6WPDbU_19sYkA18qXtCSnV461XcCzR3M HTTP/1.1[\r][\n]"
2019-08-07 02:23:56,838 DEBUG [main] wire:73 -  >> "Accept: */*[\r][\n]"
2019-08-07 02:23:56,839 DEBUG [main] wire:73 -  >> "Host: maps.googleapis.com[\r][\n]"
2019-08-07 02:23:56,840 DEBUG [main] wire:73 -  >> "Connection: Keep-Alive[\r][\n]"
2019-08-07 02:23:56,840 DEBUG [main] wire:73 -  >> "User-Agent: Apache-HttpClient/4.5.3 (Java/1.8.0_181)[\r][\n]"
2019-08-07 02:23:56,841 DEBUG [main] wire:73 -  >> "Accept-Encoding: gzip,deflate[\r][\n]"
2019-08-07 02:23:56,841 DEBUG [main] wire:73 -  >> "[\r][\n]"
2019-08-07 02:23:56,842 DEBUG [main] headers:278 - >> GET /maps/api/geocode/json?address=San%20Jose%20Costa%20Mesa%20Orange%20County%20California%2092626%20USA&key=AIzaSyB6WPDbU_19sYkA18qXtCSnV461XcCzR3M HTTP/1.1
2019-08-07 02:23:56,844 DEBUG [main] headers:281 - >> Accept: */*
2019-08-07 02:23:56,844 DEBUG [main] headers:281 - >> Host: maps.googleapis.com
2019-08-07 02:23:56,845 DEBUG [main] headers:281 - >> Connection: Keep-Alive
2019-08-07 02:23:56,845 DEBUG [main] headers:281 - >> User-Agent: Apache-HttpClient/4.5.3 (Java/1.8.0_181)
2019-08-07 02:23:56,845 DEBUG [main] headers:281 - >> Accept-Encoding: gzip,deflate
2019-08-07 02:23:56,931 DEBUG [main] wire:73 -  << "HTTP/1.1 200 OK[\r][\n]"
2019-08-07 02:23:56,932 DEBUG [main] wire:73 -  << "Content-Type: application/json; charset=UTF-8[\r][\n]"
2019-08-07 02:23:56,933 DEBUG [main] wire:73 -  << "Date: Tue, 06 Aug 2019 20:53:57 GMT[\r][\n]"
2019-08-07 02:23:56,934 DEBUG [main] wire:73 -  << "Pragma: no-cache[\r][\n]"
2019-08-07 02:23:56,935 DEBUG [main] wire:73 -  << "Expires: Fri, 01 Jan 1990 00:00:00 GMT[\r][\n]"
2019-08-07 02:23:56,935 DEBUG [main] wire:73 -  << "Cache-Control: no-cache, must-revalidate[\r][\n]"
2019-08-07 02:23:56,936 DEBUG [main] wire:73 -  << "Vary: Accept-Language[\r][\n]"
2019-08-07 02:23:56,937 DEBUG [main] wire:73 -  << "Access-Control-Allow-Origin: *[\r][\n]"
2019-08-07 02:23:56,937 DEBUG [main] wire:73 -  << "Content-Encoding: gzip[\r][\n]"
2019-08-07 02:23:56,938 DEBUG [main] wire:73 -  << "Server: mafe[\r][\n]"
2019-08-07 02:23:56,940 DEBUG [main] wire:73 -  << "X-XSS-Protection: 0[\r][\n]"
2019-08-07 02:23:56,941 DEBUG [main] wire:73 -  << "X-Frame-Options: SAMEORIGIN[\r][\n]"
2019-08-07 02:23:56,942 DEBUG [main] wire:73 -  << "Server-Timing: gfet4t7; dur=9[\r][\n]"
2019-08-07 02:23:56,942 DEBUG [main] wire:73 -  << "Alt-Svc: quic=":443"; ma=2592000; v="46,43,39"[\r][\n]"
2019-08-07 02:23:56,943 DEBUG [main] wire:73 -  << "Transfer-Encoding: chunked[\r][\n]"
2019-08-07 02:23:56,944 DEBUG [main] wire:73 -  << "[\r][\n]"
2019-08-07 02:23:56,944 DEBUG [main] DefaultClientConnection:259 - Receiving response: HTTP/1.1 200 OK
2019-08-07 02:23:56,945 DEBUG [main] headers:262 - << HTTP/1.1 200 OK
2019-08-07 02:23:56,946 DEBUG [main] headers:265 - << Content-Type: application/json; charset=UTF-8
2019-08-07 02:23:56,946 DEBUG [main] headers:265 - << Date: Tue, 06 Aug 2019 20:53:57 GMT
2019-08-07 02:23:56,947 DEBUG [main] headers:265 - << Pragma: no-cache
2019-08-07 02:23:56,947 DEBUG [main] headers:265 - << Expires: Fri, 01 Jan 1990 00:00:00 GMT
2019-08-07 02:23:56,948 DEBUG [main] headers:265 - << Cache-Control: no-cache, must-revalidate
2019-08-07 02:23:56,948 DEBUG [main] headers:265 - << Vary: Accept-Language
2019-08-07 02:23:56,949 DEBUG [main] headers:265 - << Access-Control-Allow-Origin: *
2019-08-07 02:23:56,949 DEBUG [main] headers:265 - << Content-Encoding: gzip
2019-08-07 02:23:56,950 DEBUG [main] headers:265 - << Server: mafe
2019-08-07 02:23:56,950 DEBUG [main] headers:265 - << X-XSS-Protection: 0
2019-08-07 02:23:56,950 DEBUG [main] headers:265 - << X-Frame-Options: SAMEORIGIN
2019-08-07 02:23:56,951 DEBUG [main] headers:265 - << Server-Timing: gfet4t7; dur=9
2019-08-07 02:23:56,951 DEBUG [main] headers:265 - << Alt-Svc: quic=":443"; ma=2592000; v="46,43,39"
2019-08-07 02:23:56,952 DEBUG [main] headers:265 - << Transfer-Encoding: chunked
2019-08-07 02:23:56,953 DEBUG [main] DefaultHttpClient:509 - Connection can be kept alive indefinitely
2019-08-07 02:23:56,954 DEBUG [main] RequestSpecificationImpl$RestAssuredHttpBuilder:544 - Parsing response as: application/json; charset=UTF-8
2019-08-07 02:23:56,955 DEBUG [main] wire:73 -  << "00000001[\r][\n]"
2019-08-07 02:23:56,955 DEBUG [main] wire:87 -  << "[0x1f]"
2019-08-07 02:23:56,956 DEBUG [main] wire:73 -  << "[\r][\n]"
2019-08-07 02:23:56,957 DEBUG [main] wire:73 -  << "00075[\r][\n]"
2019-08-07 02:23:56,957 DEBUG [main] wire:73 -  << "[0x8b][0x8][0x0][0x0][0x0][0x0][0x0][0x2][0xff][0xab][0xe6]RPPPJ-*[0xca]/[0x8a][0xcf]M-.NLOUR[0xb0]RP[\n]"
2019-08-07 02:23:56,958 DEBUG [main] wire:87 -  << "[0xc9]HU(([0xca]/[0xcb]LIMQp[0xc][0xf0]T[0xc8]N[0xad]T[0xc8],VH[0xad]([0xc8],JM[0xd1]S[0xd2][0x1]k,J-.[0xcd]))[0x6]i[0x89][0x8e][0x85][0x8][0x15][0x97]$[0x96][0x94][0x82]E[0x94][0x82]\[0x3]C][0x83]C[0xe2]]\[0xfd]<]][0x94][0xb8]j[0xb9][0x0][0xc2][0xb2][0x87][0x1d]o[0x0][0x0][0x0]"
2019-08-07 02:23:56,960 DEBUG [main] wire:73 -  << "[\r][\n]"
2019-08-07 02:23:56,961 DEBUG [main] wire:73 -  << "0[\r][\n]"
2019-08-07 02:23:56,961 DEBUG [main] wire:73 -  << "[\r][\n]"
2019-08-07 02:23:56,962 DEBUG [main] RequestSpecificationImpl$RestAssuredHttpBuilder:547 - Parsed data to instance of: class org.apache.http.conn.EofSensorInputStream
2019-08-07 02:23:56,965 DEBUG [main] BasicClientConnectionManager:200 - Releasing connection org.apache.http.impl.conn.ManagedClientConnectionImpl@6d24ffa1
2019-08-07 02:23:56,965 DEBUG [main] BasicClientConnectionManager:225 - Connection can be kept alive indefinitely
2019-08-07 02:23:56,965  INFO [main] ApiTestCase:40 - Get Response for the API{
   "error_message" : "The provided API key is expired.",
   "results" : [],
   "status" : "REQUEST_DENIED"
}

2019-08-07 02:23:56,966  INFO [main] ApiTestCase:42 - Verify the Status Code of the Response
2019-08-07 02:23:56,968  INFO [main] ApiTestCase:60 - verifyApiResponse Test Ended!
2019-08-07 02:23:56,975  INFO [main] ApiTestCase:34 - verifyApiResponse Test Started!
2019-08-07 02:23:56,991 DEBUG [main] BasicClientConnectionManager:161 - Get connection for route {s}->https://maps.googleapis.com:443
2019-08-07 02:23:56,991 DEBUG [main] DefaultClientConnectionOperator:177 - Connecting to maps.googleapis.com:443
2019-08-07 02:23:57,111 DEBUG [main] RequestAddCookies:123 - CookieSpec selected: ignoreCookies
2019-08-07 02:23:57,112 DEBUG [main] RequestAuthCache:77 - Auth cache not set in the context
2019-08-07 02:23:57,112 DEBUG [main] RequestTargetAuthentication:80 - Target auth state: UNCHALLENGED
2019-08-07 02:23:57,113 DEBUG [main] RequestProxyAuthentication:89 - Proxy auth state: UNCHALLENGED
2019-08-07 02:23:57,115 DEBUG [main] DefaultHttpClient:682 - Attempt 1 to execute request
2019-08-07 02:23:57,115 DEBUG [main] DefaultClientConnection:274 - Sending request: GET /maps/api/geocode/json?address=488%20S%20Almaden%20Ave%20San%20Jose%20CA%2095110%20USA&key=AIzaSyB6WPDbU_19sYkA18qXtCSnV461XcCzR3M HTTP/1.1
2019-08-07 02:23:57,115 DEBUG [main] wire:73 -  >> "GET /maps/api/geocode/json?address=488%20S%20Almaden%20Ave%20San%20Jose%20CA%2095110%20USA&key=AIzaSyB6WPDbU_19sYkA18qXtCSnV461XcCzR3M HTTP/1.1[\r][\n]"
2019-08-07 02:23:57,116 DEBUG [main] wire:73 -  >> "Accept: */*[\r][\n]"
2019-08-07 02:23:57,117 DEBUG [main] wire:73 -  >> "Host: maps.googleapis.com[\r][\n]"
2019-08-07 02:23:57,117 DEBUG [main] wire:73 -  >> "Connection: Keep-Alive[\r][\n]"
2019-08-07 02:23:57,118 DEBUG [main] wire:73 -  >> "User-Agent: Apache-HttpClient/4.5.3 (Java/1.8.0_181)[\r][\n]"
2019-08-07 02:23:57,118 DEBUG [main] wire:73 -  >> "Accept-Encoding: gzip,deflate[\r][\n]"
2019-08-07 02:23:57,119 DEBUG [main] wire:73 -  >> "[\r][\n]"
2019-08-07 02:23:57,119 DEBUG [main] headers:278 - >> GET /maps/api/geocode/json?address=488%20S%20Almaden%20Ave%20San%20Jose%20CA%2095110%20USA&key=AIzaSyB6WPDbU_19sYkA18qXtCSnV461XcCzR3M HTTP/1.1
2019-08-07 02:23:57,119 DEBUG [main] headers:281 - >> Accept: */*
2019-08-07 02:23:57,119 DEBUG [main] headers:281 - >> Host: maps.googleapis.com
2019-08-07 02:23:57,120 DEBUG [main] headers:281 - >> Connection: Keep-Alive
2019-08-07 02:23:57,120 DEBUG [main] headers:281 - >> User-Agent: Apache-HttpClient/4.5.3 (Java/1.8.0_181)
2019-08-07 02:23:57,120 DEBUG [main] headers:281 - >> Accept-Encoding: gzip,deflate
2019-08-07 02:23:57,442 DEBUG [main] wire:73 -  << "HTTP/1.1 200 OK[\r][\n]"
2019-08-07 02:23:57,442 DEBUG [main] wire:73 -  << "Content-Type: application/json; charset=UTF-8[\r][\n]"
2019-08-07 02:23:57,443 DEBUG [main] wire:73 -  << "Date: Tue, 06 Aug 2019 20:53:57 GMT[\r][\n]"
2019-08-07 02:23:57,443 DEBUG [main] wire:73 -  << "Pragma: no-cache[\r][\n]"
2019-08-07 02:23:57,444 DEBUG [main] wire:73 -  << "Expires: Fri, 01 Jan 1990 00:00:00 GMT[\r][\n]"
2019-08-07 02:23:57,444 DEBUG [main] wire:73 -  << "Cache-Control: no-cache, must-revalidate[\r][\n]"
2019-08-07 02:23:57,444 DEBUG [main] wire:73 -  << "Vary: Accept-Language[\r][\n]"
2019-08-07 02:23:57,445 DEBUG [main] wire:73 -  << "Access-Control-Allow-Origin: *[\r][\n]"
2019-08-07 02:23:57,445 DEBUG [main] wire:73 -  << "Content-Encoding: gzip[\r][\n]"
2019-08-07 02:23:57,445 DEBUG [main] wire:73 -  << "Server: mafe[\r][\n]"
2019-08-07 02:23:57,445 DEBUG [main] wire:73 -  << "X-XSS-Protection: 0[\r][\n]"
2019-08-07 02:23:57,445 DEBUG [main] wire:73 -  << "X-Frame-Options: SAMEORIGIN[\r][\n]"
2019-08-07 02:23:57,446 DEBUG [main] wire:73 -  << "Server-Timing: gfet4t7; dur=245[\r][\n]"
2019-08-07 02:23:57,446 DEBUG [main] wire:73 -  << "Alt-Svc: quic=":443"; ma=2592000; v="46,43,39"[\r][\n]"
2019-08-07 02:23:57,446 DEBUG [main] wire:73 -  << "Transfer-Encoding: chunked[\r][\n]"
2019-08-07 02:23:57,446 DEBUG [main] wire:73 -  << "[\r][\n]"
2019-08-07 02:23:57,447 DEBUG [main] DefaultClientConnection:259 - Receiving response: HTTP/1.1 200 OK
2019-08-07 02:23:57,447 DEBUG [main] headers:262 - << HTTP/1.1 200 OK
2019-08-07 02:23:57,447 DEBUG [main] headers:265 - << Content-Type: application/json; charset=UTF-8
2019-08-07 02:23:57,447 DEBUG [main] headers:265 - << Date: Tue, 06 Aug 2019 20:53:57 GMT
2019-08-07 02:23:57,448 DEBUG [main] headers:265 - << Pragma: no-cache
2019-08-07 02:23:57,448 DEBUG [main] headers:265 - << Expires: Fri, 01 Jan 1990 00:00:00 GMT
2019-08-07 02:23:57,448 DEBUG [main] headers:265 - << Cache-Control: no-cache, must-revalidate
2019-08-07 02:23:57,449 DEBUG [main] headers:265 - << Vary: Accept-Language
2019-08-07 02:23:57,449 DEBUG [main] headers:265 - << Access-Control-Allow-Origin: *
2019-08-07 02:23:57,450 DEBUG [main] headers:265 - << Content-Encoding: gzip
2019-08-07 02:23:57,450 DEBUG [main] headers:265 - << Server: mafe
2019-08-07 02:23:57,450 DEBUG [main] headers:265 - << X-XSS-Protection: 0
2019-08-07 02:23:57,450 DEBUG [main] headers:265 - << X-Frame-Options: SAMEORIGIN
2019-08-07 02:23:57,450 DEBUG [main] headers:265 - << Server-Timing: gfet4t7; dur=245
2019-08-07 02:23:57,451 DEBUG [main] headers:265 - << Alt-Svc: quic=":443"; ma=2592000; v="46,43,39"
2019-08-07 02:23:57,451 DEBUG [main] headers:265 - << Transfer-Encoding: chunked
2019-08-07 02:23:57,451 DEBUG [main] DefaultHttpClient:509 - Connection can be kept alive indefinitely
2019-08-07 02:23:57,452 DEBUG [main] RequestSpecificationImpl$RestAssuredHttpBuilder:544 - Parsing response as: application/json; charset=UTF-8
2019-08-07 02:23:57,452 DEBUG [main] wire:73 -  << "001[\r][\n]"
2019-08-07 02:23:57,452 DEBUG [main] wire:87 -  << "[0x1f]"
2019-08-07 02:23:57,452 DEBUG [main] wire:73 -  << "[\r][\n]"
2019-08-07 02:23:57,453 DEBUG [main] wire:73 -  << "d4[\r][\n]"
2019-08-07 02:23:57,453 DEBUG [main] wire:87 -  << "[0x8b][0x8][0x0][0x0][0x0][0x0][0x0][0x2][0xff]mO=O[0xc3]0[0x14][0xdc][0xf3]+N[0x9e][0xdb]f[0xcf][0xc6][0xd0]![0x12][0x8]Z[0x1]R[0x85]Pd[0xec][0x97][0xc4]([0xf1]K[0xfd][0x9e]#"[0xc4]'m[0x19][0x19][0xef]t[0x9f][0xdf][0x5][0x0]C)qjF[0x12][0xb1][0x1d][0x19]T0'[0xce][0xe8][0xed]L[0xa0]/G[0xe4][0xc9]c[0xe1][0x9c][0xe0]m[0x18][0x16]$:g[0x12][0xc5]9[0xb3]Z[0xb4][0x9c][0xa0]}[0x10][0xdc]=[0xd5];[0xd4][0xed]E[0x9][0x1f]<"+[0x84][0x14][0x16].[0x8b][0xf2][0xf8][0x9f]{[0x83][0x99]Rh[0x97][[0xfc][0x94][0xf8][0x93][0x9c][0xae][0xcd][0x2][0x1b]a[0x9d][0x86]u[0xc2]G[0x18][0x86][0x10][0xbb][0x15]:[0xce]Q+[0xf4][0xaa]SU[0x96][0xdd][0xce]q[0xe9]i.G;[0xc9]6[0xf2][0xf6]O`6[0xd7]S[0x89]$[0xf]*[0x97];o[0xef]7J[0xd4]j[0xbe]2[0xe6][0xf1]ul[0xe]/[0xfb][0xe3][0xa9][0xb9][0xaf][0x1f][0xea]gS[0xfc][0x14][0xbf]qO[0x3]~[\r][0x1][0x0][0x0]"
2019-08-07 02:23:57,453 DEBUG [main] wire:73 -  << "[\r][\n]"
2019-08-07 02:23:57,454 DEBUG [main] wire:73 -  << "0[\r][\n]"
2019-08-07 02:23:57,454 DEBUG [main] wire:73 -  << "[\r][\n]"
2019-08-07 02:23:57,454 DEBUG [main] RequestSpecificationImpl$RestAssuredHttpBuilder:547 - Parsed data to instance of: class org.apache.http.conn.EofSensorInputStream
2019-08-07 02:23:57,457 DEBUG [main] BasicClientConnectionManager:200 - Releasing connection org.apache.http.impl.conn.ManagedClientConnectionImpl@186978a6
2019-08-07 02:23:57,458 DEBUG [main] BasicClientConnectionManager:225 - Connection can be kept alive indefinitely
2019-08-07 02:23:57,458  INFO [main] ApiTestCase:40 - Get Response for the API{
   "error_message" : "You have exceeded your daily request quota for this API. If you did not set a custom daily request quota, verify your project has an active billing account: http://g.co/dev/maps-no-account",
   "results" : [],
   "status" : "OVER_QUERY_LIMIT"
}

2019-08-07 02:23:57,459  INFO [main] ApiTestCase:42 - Verify the Status Code of the Response
2019-08-07 02:23:57,460  INFO [main] ApiTestCase:60 - verifyApiResponse Test Ended!
2019-08-07 02:25:30,161  INFO [main] ApiTestCase:34 - verifyApiResponse Test Started!
2019-08-07 02:25:32,189 DEBUG [main] BasicClientConnectionManager:161 - Get connection for route {s}->https://maps.googleapis.com:443
2019-08-07 02:25:32,204 DEBUG [main] DefaultClientConnectionOperator:177 - Connecting to maps.googleapis.com:443
2019-08-07 02:25:32,651 DEBUG [main] RequestAddCookies:123 - CookieSpec selected: ignoreCookies
2019-08-07 02:25:32,654 DEBUG [main] RequestAuthCache:77 - Auth cache not set in the context
2019-08-07 02:25:32,655 DEBUG [main] RequestTargetAuthentication:80 - Target auth state: UNCHALLENGED
2019-08-07 02:25:32,657 DEBUG [main] RequestProxyAuthentication:89 - Proxy auth state: UNCHALLENGED
2019-08-07 02:25:32,658 DEBUG [main] DefaultHttpClient:682 - Attempt 1 to execute request
2019-08-07 02:25:32,659 DEBUG [main] DefaultClientConnection:274 - Sending request: GET /maps/api/geocode/json?address=1600%20Amphitheatre%20Parkway%20Mountain%20View%20CA&key=AIzaSyB6WPDbU_19sYkA18qXtCSnV461XcCzR3M HTTP/1.1
2019-08-07 02:25:32,660 DEBUG [main] wire:73 -  >> "GET /maps/api/geocode/json?address=1600%20Amphitheatre%20Parkway%20Mountain%20View%20CA&key=AIzaSyB6WPDbU_19sYkA18qXtCSnV461XcCzR3M HTTP/1.1[\r][\n]"
2019-08-07 02:25:32,663 DEBUG [main] wire:73 -  >> "Accept: */*[\r][\n]"
2019-08-07 02:25:32,663 DEBUG [main] wire:73 -  >> "Host: maps.googleapis.com[\r][\n]"
2019-08-07 02:25:32,664 DEBUG [main] wire:73 -  >> "Connection: Keep-Alive[\r][\n]"
2019-08-07 02:25:32,665 DEBUG [main] wire:73 -  >> "User-Agent: Apache-HttpClient/4.5.3 (Java/1.8.0_181)[\r][\n]"
2019-08-07 02:25:32,666 DEBUG [main] wire:73 -  >> "Accept-Encoding: gzip,deflate[\r][\n]"
2019-08-07 02:25:32,666 DEBUG [main] wire:73 -  >> "[\r][\n]"
2019-08-07 02:25:32,669 DEBUG [main] headers:278 - >> GET /maps/api/geocode/json?address=1600%20Amphitheatre%20Parkway%20Mountain%20View%20CA&key=AIzaSyB6WPDbU_19sYkA18qXtCSnV461XcCzR3M HTTP/1.1
2019-08-07 02:25:32,669 DEBUG [main] headers:281 - >> Accept: */*
2019-08-07 02:25:32,670 DEBUG [main] headers:281 - >> Host: maps.googleapis.com
2019-08-07 02:25:32,671 DEBUG [main] headers:281 - >> Connection: Keep-Alive
2019-08-07 02:25:32,672 DEBUG [main] headers:281 - >> User-Agent: Apache-HttpClient/4.5.3 (Java/1.8.0_181)
2019-08-07 02:25:32,672 DEBUG [main] headers:281 - >> Accept-Encoding: gzip,deflate
2019-08-07 02:25:32,783 DEBUG [main] wire:73 -  << "HTTP/1.1 200 OK[\r][\n]"
2019-08-07 02:25:32,785 DEBUG [main] wire:73 -  << "Content-Type: application/json; charset=UTF-8[\r][\n]"
2019-08-07 02:25:32,786 DEBUG [main] wire:73 -  << "Date: Tue, 06 Aug 2019 20:55:32 GMT[\r][\n]"
2019-08-07 02:25:32,786 DEBUG [main] wire:73 -  << "Pragma: no-cache[\r][\n]"
2019-08-07 02:25:32,787 DEBUG [main] wire:73 -  << "Expires: Fri, 01 Jan 1990 00:00:00 GMT[\r][\n]"
2019-08-07 02:25:32,787 DEBUG [main] wire:73 -  << "Cache-Control: no-cache, must-revalidate[\r][\n]"
2019-08-07 02:25:32,787 DEBUG [main] wire:73 -  << "Vary: Accept-Language[\r][\n]"
2019-08-07 02:25:32,788 DEBUG [main] wire:73 -  << "Access-Control-Allow-Origin: *[\r][\n]"
2019-08-07 02:25:32,788 DEBUG [main] wire:73 -  << "Content-Encoding: gzip[\r][\n]"
2019-08-07 02:25:32,788 DEBUG [main] wire:73 -  << "Server: mafe[\r][\n]"
2019-08-07 02:25:32,789 DEBUG [main] wire:73 -  << "X-XSS-Protection: 0[\r][\n]"
2019-08-07 02:25:32,789 DEBUG [main] wire:73 -  << "X-Frame-Options: SAMEORIGIN[\r][\n]"
2019-08-07 02:25:32,789 DEBUG [main] wire:73 -  << "Server-Timing: gfet4t7; dur=36[\r][\n]"
2019-08-07 02:25:32,790 DEBUG [main] wire:73 -  << "Alt-Svc: quic=":443"; ma=2592000; v="46,43,39"[\r][\n]"
2019-08-07 02:25:32,792 DEBUG [main] wire:73 -  << "Transfer-Encoding: chunked[\r][\n]"
2019-08-07 02:25:32,792 DEBUG [main] wire:73 -  << "[\r][\n]"
2019-08-07 02:25:32,793 DEBUG [main] DefaultClientConnection:259 - Receiving response: HTTP/1.1 200 OK
2019-08-07 02:25:32,796 DEBUG [main] headers:262 - << HTTP/1.1 200 OK
2019-08-07 02:25:32,796 DEBUG [main] headers:265 - << Content-Type: application/json; charset=UTF-8
2019-08-07 02:25:32,797 DEBUG [main] headers:265 - << Date: Tue, 06 Aug 2019 20:55:32 GMT
2019-08-07 02:25:32,798 DEBUG [main] headers:265 - << Pragma: no-cache
2019-08-07 02:25:32,805 DEBUG [main] headers:265 - << Expires: Fri, 01 Jan 1990 00:00:00 GMT
2019-08-07 02:25:32,806 DEBUG [main] headers:265 - << Cache-Control: no-cache, must-revalidate
2019-08-07 02:25:32,808 DEBUG [main] headers:265 - << Vary: Accept-Language
2019-08-07 02:25:32,808 DEBUG [main] headers:265 - << Access-Control-Allow-Origin: *
2019-08-07 02:25:32,809 DEBUG [main] headers:265 - << Content-Encoding: gzip
2019-08-07 02:25:32,809 DEBUG [main] headers:265 - << Server: mafe
2019-08-07 02:25:32,809 DEBUG [main] headers:265 - << X-XSS-Protection: 0
2019-08-07 02:25:32,809 DEBUG [main] headers:265 - << X-Frame-Options: SAMEORIGIN
2019-08-07 02:25:32,810 DEBUG [main] headers:265 - << Server-Timing: gfet4t7; dur=36
2019-08-07 02:25:32,810 DEBUG [main] headers:265 - << Alt-Svc: quic=":443"; ma=2592000; v="46,43,39"
2019-08-07 02:25:32,810 DEBUG [main] headers:265 - << Transfer-Encoding: chunked
2019-08-07 02:25:32,816 DEBUG [main] DefaultHttpClient:509 - Connection can be kept alive indefinitely
2019-08-07 02:25:32,872 DEBUG [main] RequestSpecificationImpl$RestAssuredHttpBuilder:544 - Parsing response as: application/json; charset=UTF-8
2019-08-07 02:25:32,873 DEBUG [main] wire:73 -  << "00000001[\r][\n]"
2019-08-07 02:25:32,874 DEBUG [main] wire:87 -  << "[0x1f]"
2019-08-07 02:25:32,879 DEBUG [main] wire:73 -  << "[\r][\n]"
2019-08-07 02:25:32,879 DEBUG [main] wire:73 -  << "00000001[\r][\n]"
2019-08-07 02:25:32,880 DEBUG [main] wire:87 -  << "[0x8b]"
2019-08-07 02:25:32,880 DEBUG [main] wire:73 -  << "[\r][\n]"
2019-08-07 02:25:32,881 DEBUG [main] wire:73 -  << "00000001[\r][\n]"
2019-08-07 02:25:32,881 DEBUG [main] wire:87 -  << "[0x8]"
2019-08-07 02:25:32,886 DEBUG [main] wire:73 -  << "[\r][\n]"
2019-08-07 02:25:32,886 DEBUG [main] wire:73 -  << "00000001[\r][\n]"
2019-08-07 02:25:32,886 DEBUG [main] wire:87 -  << "[0x0]"
2019-08-07 02:25:32,887 DEBUG [main] wire:73 -  << "[\r][\n]"
2019-08-07 02:25:32,887 DEBUG [main] wire:73 -  << "00000001[\r][\n]"
2019-08-07 02:25:32,887 DEBUG [main] wire:87 -  << "[0x0]"
2019-08-07 02:25:32,888 DEBUG [main] wire:73 -  << "[\r][\n]"
2019-08-07 02:25:32,888 DEBUG [main] wire:73 -  << "00000001[\r][\n]"
2019-08-07 02:25:32,888 DEBUG [main] wire:87 -  << "[0x0]"
2019-08-07 02:25:32,888 DEBUG [main] wire:73 -  << "[\r][\n]"
2019-08-07 02:25:32,889 DEBUG [main] wire:73 -  << "00000001[\r][\n]"
2019-08-07 02:25:32,889 DEBUG [main] wire:87 -  << "[0x0]"
2019-08-07 02:25:32,889 DEBUG [main] wire:73 -  << "[\r][\n]"
2019-08-07 02:25:32,890 DEBUG [main] wire:73 -  << "00000001[\r][\n]"
2019-08-07 02:25:32,890 DEBUG [main] wire:87 -  << "[0x0]"
2019-08-07 02:25:32,891 DEBUG [main] wire:73 -  << "[\r][\n]"
2019-08-07 02:25:32,891 DEBUG [main] wire:73 -  << "00000001[\r][\n]"
2019-08-07 02:25:32,892 DEBUG [main] wire:87 -  << "[0x2]"
2019-08-07 02:25:32,892 DEBUG [main] wire:73 -  << "[\r][\n]"
2019-08-07 02:25:32,893 DEBUG [main] wire:73 -  << "00000001[\r][\n]"
2019-08-07 02:25:32,893 DEBUG [main] wire:87 -  << "[0xff]"
2019-08-07 02:25:32,893 DEBUG [main] wire:73 -  << "[\r][\n]"
2019-08-07 02:25:32,894 DEBUG [main] wire:73 -  << "00000001[\r][\n]"
2019-08-07 02:25:32,895 DEBUG [main] wire:87 -  << "[0xab]"
2019-08-07 02:25:32,895 DEBUG [main] wire:73 -  << "[\r][\n]"
2019-08-07 02:25:32,896 DEBUG [main] wire:73 -  << "00000001[\r][\n]"
2019-08-07 02:25:32,896 DEBUG [main] wire:87 -  << "[0xe6]"
2019-08-07 02:25:32,896 DEBUG [main] wire:73 -  << "[\r][\n]"
2019-08-07 02:25:32,896 DEBUG [main] wire:73 -  << "00000001[\r][\n]"
2019-08-07 02:25:32,897 DEBUG [main] wire:87 -  << "R"
2019-08-07 02:25:32,897 DEBUG [main] wire:73 -  << "[\r][\n]"
2019-08-07 02:25:32,897 DEBUG [main] wire:73 -  << "0000001[\r][\n]"
2019-08-07 02:25:32,898 DEBUG [main] wire:87 -  << "P"
2019-08-07 02:25:32,898 DEBUG [main] wire:73 -  << "[\r][\n]"
2019-08-07 02:25:32,898 DEBUG [main] wire:73 -  << "68[\r][\n]"
2019-08-07 02:25:32,898 DEBUG [main] wire:73 -  << "PPJ-*[0xca]/[0x8a][0xcf]M-.NLOUR[0xb0]RP[\n]"
2019-08-07 02:25:32,899 DEBUG [main] wire:87 -  << "[0xc9]HU(([0xca]/[0xcb]LIMQp[0xc][0xf0]T[0xc8]N[0xad]T[0xc8],VH[0xad]([0xc8],JM[0xd1]S[0xd2][0x1]k,J-.[0xcd]))[0x6]i[0x89][0x8e][0x85][0x8][0x15][0x97]$[0x96][0x94][0x82]E[0x94][0x82]\[0x3]C][0x83]C[0xe2]]\[0xfd]<]][0x94][0xb8]j[0xb9][0x0][0xc2][0xb2][0x87][0x1d]o[0x0][0x0][0x0]"
2019-08-07 02:25:32,899 DEBUG [main] wire:73 -  << "[\r][\n]"
2019-08-07 02:25:32,899 DEBUG [main] wire:73 -  << "0[\r][\n]"
2019-08-07 02:25:32,900 DEBUG [main] wire:73 -  << "[\r][\n]"
2019-08-07 02:25:32,901 DEBUG [main] RequestSpecificationImpl$RestAssuredHttpBuilder:547 - Parsed data to instance of: class org.apache.http.conn.EofSensorInputStream
2019-08-07 02:25:32,950 DEBUG [main] BasicClientConnectionManager:200 - Releasing connection org.apache.http.impl.conn.ManagedClientConnectionImpl@37bd68c3
2019-08-07 02:25:32,950 DEBUG [main] BasicClientConnectionManager:225 - Connection can be kept alive indefinitely
2019-08-07 02:25:32,955  INFO [main] ApiTestCase:40 - Get Response for the API{
   "error_message" : "The provided API key is expired.",
   "results" : [],
   "status" : "REQUEST_DENIED"
}

2019-08-07 02:25:32,957  INFO [main] ApiTestCase:42 - Verify the Status Code of the Response
2019-08-07 02:25:32,966  INFO [main] ApiTestCase:62 - verifyApiResponse Test Ended!
2019-08-07 02:25:32,972  INFO [main] ApiTestCase:34 - verifyApiResponse Test Started!
2019-08-07 02:25:33,000 DEBUG [main] BasicClientConnectionManager:161 - Get connection for route {s}->https://maps.googleapis.com:443
2019-08-07 02:25:33,001 DEBUG [main] DefaultClientConnectionOperator:177 - Connecting to maps.googleapis.com:443
2019-08-07 02:25:33,106 DEBUG [main] RequestAddCookies:123 - CookieSpec selected: ignoreCookies
2019-08-07 02:25:33,107 DEBUG [main] RequestAuthCache:77 - Auth cache not set in the context
2019-08-07 02:25:33,108 DEBUG [main] RequestTargetAuthentication:80 - Target auth state: UNCHALLENGED
2019-08-07 02:25:33,109 DEBUG [main] RequestProxyAuthentication:89 - Proxy auth state: UNCHALLENGED
2019-08-07 02:25:33,110 DEBUG [main] DefaultHttpClient:682 - Attempt 1 to execute request
2019-08-07 02:25:33,111 DEBUG [main] DefaultClientConnection:274 - Sending request: GET /maps/api/geocode/json?address=San%20Jose%20Costa%20Mesa%20Orange%20County%20California%2092626%20USA&key=AIzaSyB6WPDbU_19sYkA18qXtCSnV461XcCzR3M HTTP/1.1
2019-08-07 02:25:33,113 DEBUG [main] wire:73 -  >> "GET /maps/api/geocode/json?address=San%20Jose%20Costa%20Mesa%20Orange%20County%20California%2092626%20USA&key=AIzaSyB6WPDbU_19sYkA18qXtCSnV461XcCzR3M HTTP/1.1[\r][\n]"
2019-08-07 02:25:33,114 DEBUG [main] wire:73 -  >> "Accept: */*[\r][\n]"
2019-08-07 02:25:33,115 DEBUG [main] wire:73 -  >> "Host: maps.googleapis.com[\r][\n]"
2019-08-07 02:25:33,115 DEBUG [main] wire:73 -  >> "Connection: Keep-Alive[\r][\n]"
2019-08-07 02:25:33,116 DEBUG [main] wire:73 -  >> "User-Agent: Apache-HttpClient/4.5.3 (Java/1.8.0_181)[\r][\n]"
2019-08-07 02:25:33,117 DEBUG [main] wire:73 -  >> "Accept-Encoding: gzip,deflate[\r][\n]"
2019-08-07 02:25:33,117 DEBUG [main] wire:73 -  >> "[\r][\n]"
2019-08-07 02:25:33,118 DEBUG [main] headers:278 - >> GET /maps/api/geocode/json?address=San%20Jose%20Costa%20Mesa%20Orange%20County%20California%2092626%20USA&key=AIzaSyB6WPDbU_19sYkA18qXtCSnV461XcCzR3M HTTP/1.1
2019-08-07 02:25:33,118 DEBUG [main] headers:281 - >> Accept: */*
2019-08-07 02:25:33,119 DEBUG [main] headers:281 - >> Host: maps.googleapis.com
2019-08-07 02:25:33,120 DEBUG [main] headers:281 - >> Connection: Keep-Alive
2019-08-07 02:25:33,120 DEBUG [main] headers:281 - >> User-Agent: Apache-HttpClient/4.5.3 (Java/1.8.0_181)
2019-08-07 02:25:33,121 DEBUG [main] headers:281 - >> Accept-Encoding: gzip,deflate
2019-08-07 02:25:33,214 DEBUG [main] wire:73 -  << "HTTP/1.1 200 OK[\r][\n]"
2019-08-07 02:25:33,215 DEBUG [main] wire:73 -  << "Content-Type: application/json; charset=UTF-8[\r][\n]"
2019-08-07 02:25:33,216 DEBUG [main] wire:73 -  << "Date: Tue, 06 Aug 2019 20:55:33 GMT[\r][\n]"
2019-08-07 02:25:33,216 DEBUG [main] wire:73 -  << "Pragma: no-cache[\r][\n]"
2019-08-07 02:25:33,217 DEBUG [main] wire:73 -  << "Expires: Fri, 01 Jan 1990 00:00:00 GMT[\r][\n]"
2019-08-07 02:25:33,217 DEBUG [main] wire:73 -  << "Cache-Control: no-cache, must-revalidate[\r][\n]"
2019-08-07 02:25:33,218 DEBUG [main] wire:73 -  << "Vary: Accept-Language[\r][\n]"
2019-08-07 02:25:33,218 DEBUG [main] wire:73 -  << "Access-Control-Allow-Origin: *[\r][\n]"
2019-08-07 02:25:33,219 DEBUG [main] wire:73 -  << "Content-Encoding: gzip[\r][\n]"
2019-08-07 02:25:33,219 DEBUG [main] wire:73 -  << "Server: mafe[\r][\n]"
2019-08-07 02:25:33,220 DEBUG [main] wire:73 -  << "X-XSS-Protection: 0[\r][\n]"
2019-08-07 02:25:33,220 DEBUG [main] wire:73 -  << "X-Frame-Options: SAMEORIGIN[\r][\n]"
2019-08-07 02:25:33,221 DEBUG [main] wire:73 -  << "Server-Timing: gfet4t7; dur=19[\r][\n]"
2019-08-07 02:25:33,221 DEBUG [main] wire:73 -  << "Alt-Svc: quic=":443"; ma=2592000; v="46,43,39"[\r][\n]"
2019-08-07 02:25:33,222 DEBUG [main] wire:73 -  << "Transfer-Encoding: chunked[\r][\n]"
2019-08-07 02:25:33,222 DEBUG [main] wire:73 -  << "[\r][\n]"
2019-08-07 02:25:33,223 DEBUG [main] DefaultClientConnection:259 - Receiving response: HTTP/1.1 200 OK
2019-08-07 02:25:33,223 DEBUG [main] headers:262 - << HTTP/1.1 200 OK
2019-08-07 02:25:33,224 DEBUG [main] headers:265 - << Content-Type: application/json; charset=UTF-8
2019-08-07 02:25:33,224 DEBUG [main] headers:265 - << Date: Tue, 06 Aug 2019 20:55:33 GMT
2019-08-07 02:25:33,224 DEBUG [main] headers:265 - << Pragma: no-cache
2019-08-07 02:25:33,225 DEBUG [main] headers:265 - << Expires: Fri, 01 Jan 1990 00:00:00 GMT
2019-08-07 02:25:33,225 DEBUG [main] headers:265 - << Cache-Control: no-cache, must-revalidate
2019-08-07 02:25:33,226 DEBUG [main] headers:265 - << Vary: Accept-Language
2019-08-07 02:25:33,226 DEBUG [main] headers:265 - << Access-Control-Allow-Origin: *
2019-08-07 02:25:33,227 DEBUG [main] headers:265 - << Content-Encoding: gzip
2019-08-07 02:25:33,227 DEBUG [main] headers:265 - << Server: mafe
2019-08-07 02:25:33,227 DEBUG [main] headers:265 - << X-XSS-Protection: 0
2019-08-07 02:25:33,228 DEBUG [main] headers:265 - << X-Frame-Options: SAMEORIGIN
2019-08-07 02:25:33,228 DEBUG [main] headers:265 - << Server-Timing: gfet4t7; dur=19
2019-08-07 02:25:33,229 DEBUG [main] headers:265 - << Alt-Svc: quic=":443"; ma=2592000; v="46,43,39"
2019-08-07 02:25:33,229 DEBUG [main] headers:265 - << Transfer-Encoding: chunked
2019-08-07 02:25:33,230 DEBUG [main] DefaultHttpClient:509 - Connection can be kept alive indefinitely
2019-08-07 02:25:33,231 DEBUG [main] RequestSpecificationImpl$RestAssuredHttpBuilder:544 - Parsing response as: application/json; charset=UTF-8
2019-08-07 02:25:33,231 DEBUG [main] wire:73 -  << "00000001[\r][\n]"
2019-08-07 02:25:33,232 DEBUG [main] wire:87 -  << "[0x1f]"
2019-08-07 02:25:33,232 DEBUG [main] wire:73 -  << "[\r][\n]"
2019-08-07 02:25:33,232 DEBUG [main] wire:73 -  << "00000001[\r][\n]"
2019-08-07 02:25:33,233 DEBUG [main] wire:87 -  << "[0x8b]"
2019-08-07 02:25:33,233 DEBUG [main] wire:73 -  << "[\r][\n]"
2019-08-07 02:25:33,233 DEBUG [main] wire:73 -  << "00000001[\r][\n]"
2019-08-07 02:25:33,234 DEBUG [main] wire:87 -  << "[0x8]"
2019-08-07 02:25:33,235 DEBUG [main] wire:73 -  << "[\r][\n]"
2019-08-07 02:25:33,235 DEBUG [main] wire:73 -  << "00000001[\r][\n]"
2019-08-07 02:25:33,236 DEBUG [main] wire:87 -  << "[0x0]"
2019-08-07 02:25:33,236 DEBUG [main] wire:73 -  << "[\r][\n]"
2019-08-07 02:25:33,237 DEBUG [main] wire:73 -  << "01[\r][\n]"
2019-08-07 02:25:33,237 DEBUG [main] wire:87 -  << "[0x0]"
2019-08-07 02:25:33,238 DEBUG [main] wire:73 -  << "[\r][\n]"
2019-08-07 02:25:33,238 DEBUG [main] wire:73 -  << "71[\r][\n]"
2019-08-07 02:25:33,239 DEBUG [main] wire:73 -  << "[0x0][0x0][0x0][0x2][0xff][0xab][0xe6]RPPPJ-*[0xca]/[0x8a][0xcf]M-.NLOUR[0xb0]RP[\n]"
2019-08-07 02:25:33,239 DEBUG [main] wire:87 -  << "[0xc9]HU(([0xca]/[0xcb]LIMQp[0xc][0xf0]T[0xc8]N[0xad]T[0xc8],VH[0xad]([0xc8],JM[0xd1]S[0xd2][0x1]k,J-.[0xcd]))[0x6]i[0x89][0x8e][0x85][0x8][0x15][0x97]$[0x96][0x94][0x82]E[0x94][0x82]\[0x3]C][0x83]C[0xe2]]\[0xfd]<]][0x94][0xb8]j[0xb9][0x0][0xc2][0xb2][0x87][0x1d]o[0x0][0x0][0x0]"
2019-08-07 02:25:33,240 DEBUG [main] wire:73 -  << "[\r][\n]"
2019-08-07 02:25:33,241 DEBUG [main] wire:73 -  << "0[\r][\n]"
2019-08-07 02:25:33,241 DEBUG [main] wire:73 -  << "[\r][\n]"
2019-08-07 02:25:33,242 DEBUG [main] RequestSpecificationImpl$RestAssuredHttpBuilder:547 - Parsed data to instance of: class org.apache.http.conn.EofSensorInputStream
2019-08-07 02:25:33,244 DEBUG [main] BasicClientConnectionManager:200 - Releasing connection org.apache.http.impl.conn.ManagedClientConnectionImpl@6d24ffa1
2019-08-07 02:25:33,245 DEBUG [main] BasicClientConnectionManager:225 - Connection can be kept alive indefinitely
2019-08-07 02:25:33,245  INFO [main] ApiTestCase:40 - Get Response for the API{
   "error_message" : "The provided API key is expired.",
   "results" : [],
   "status" : "REQUEST_DENIED"
}

2019-08-07 02:25:33,247  INFO [main] ApiTestCase:42 - Verify the Status Code of the Response
2019-08-07 02:25:33,254  INFO [main] ApiTestCase:62 - verifyApiResponse Test Ended!
2019-08-07 02:25:33,256  INFO [main] ApiTestCase:34 - verifyApiResponse Test Started!
2019-08-07 02:25:33,279 DEBUG [main] BasicClientConnectionManager:161 - Get connection for route {s}->https://maps.googleapis.com:443
2019-08-07 02:25:33,280 DEBUG [main] DefaultClientConnectionOperator:177 - Connecting to maps.googleapis.com:443
2019-08-07 02:25:33,393 DEBUG [main] RequestAddCookies:123 - CookieSpec selected: ignoreCookies
2019-08-07 02:25:33,394 DEBUG [main] RequestAuthCache:77 - Auth cache not set in the context
2019-08-07 02:25:33,394 DEBUG [main] RequestTargetAuthentication:80 - Target auth state: UNCHALLENGED
2019-08-07 02:25:33,395 DEBUG [main] RequestProxyAuthentication:89 - Proxy auth state: UNCHALLENGED
2019-08-07 02:25:33,395 DEBUG [main] DefaultHttpClient:682 - Attempt 1 to execute request
2019-08-07 02:25:33,395 DEBUG [main] DefaultClientConnection:274 - Sending request: GET /maps/api/geocode/json?address=488%20S%20Almaden%20Ave%20San%20Jose%20CA%2095110%20USA&key=AIzaSyB6WPDbU_19sYkA18qXtCSnV461XcCzR3M HTTP/1.1
2019-08-07 02:25:33,396 DEBUG [main] wire:73 -  >> "GET /maps/api/geocode/json?address=488%20S%20Almaden%20Ave%20San%20Jose%20CA%2095110%20USA&key=AIzaSyB6WPDbU_19sYkA18qXtCSnV461XcCzR3M HTTP/1.1[\r][\n]"
2019-08-07 02:25:33,396 DEBUG [main] wire:73 -  >> "Accept: */*[\r][\n]"
2019-08-07 02:25:33,397 DEBUG [main] wire:73 -  >> "Host: maps.googleapis.com[\r][\n]"
2019-08-07 02:25:33,397 DEBUG [main] wire:73 -  >> "Connection: Keep-Alive[\r][\n]"
2019-08-07 02:25:33,401 DEBUG [main] wire:73 -  >> "User-Agent: Apache-HttpClient/4.5.3 (Java/1.8.0_181)[\r][\n]"
2019-08-07 02:25:33,402 DEBUG [main] wire:73 -  >> "Accept-Encoding: gzip,deflate[\r][\n]"
2019-08-07 02:25:33,402 DEBUG [main] wire:73 -  >> "[\r][\n]"
2019-08-07 02:25:33,403 DEBUG [main] headers:278 - >> GET /maps/api/geocode/json?address=488%20S%20Almaden%20Ave%20San%20Jose%20CA%2095110%20USA&key=AIzaSyB6WPDbU_19sYkA18qXtCSnV461XcCzR3M HTTP/1.1
2019-08-07 02:25:33,403 DEBUG [main] headers:281 - >> Accept: */*
2019-08-07 02:25:33,404 DEBUG [main] headers:281 - >> Host: maps.googleapis.com
2019-08-07 02:25:33,404 DEBUG [main] headers:281 - >> Connection: Keep-Alive
2019-08-07 02:25:33,406 DEBUG [main] headers:281 - >> User-Agent: Apache-HttpClient/4.5.3 (Java/1.8.0_181)
2019-08-07 02:25:33,406 DEBUG [main] headers:281 - >> Accept-Encoding: gzip,deflate
2019-08-07 02:25:33,912 DEBUG [main] wire:73 -  << "HTTP/1.1 200 OK[\r][\n]"
2019-08-07 02:25:33,913 DEBUG [main] wire:73 -  << "Content-Type: application/json; charset=UTF-8[\r][\n]"
2019-08-07 02:25:33,914 DEBUG [main] wire:73 -  << "Date: Tue, 06 Aug 2019 20:55:34 GMT[\r][\n]"
2019-08-07 02:25:33,915 DEBUG [main] wire:73 -  << "Pragma: no-cache[\r][\n]"
2019-08-07 02:25:33,915 DEBUG [main] wire:73 -  << "Expires: Fri, 01 Jan 1990 00:00:00 GMT[\r][\n]"
2019-08-07 02:25:33,916 DEBUG [main] wire:73 -  << "Cache-Control: no-cache, must-revalidate[\r][\n]"
2019-08-07 02:25:33,917 DEBUG [main] wire:73 -  << "Vary: Accept-Language[\r][\n]"
2019-08-07 02:25:33,918 DEBUG [main] wire:73 -  << "Access-Control-Allow-Origin: *[\r][\n]"
2019-08-07 02:25:33,918 DEBUG [main] wire:73 -  << "Content-Encoding: gzip[\r][\n]"
2019-08-07 02:25:33,919 DEBUG [main] wire:73 -  << "Server: mafe[\r][\n]"
2019-08-07 02:25:33,919 DEBUG [main] wire:73 -  << "X-XSS-Protection: 0[\r][\n]"
2019-08-07 02:25:33,920 DEBUG [main] wire:73 -  << "X-Frame-Options: SAMEORIGIN[\r][\n]"
2019-08-07 02:25:33,921 DEBUG [main] wire:73 -  << "Server-Timing: gfet4t7; dur=429[\r][\n]"
2019-08-07 02:25:33,921 DEBUG [main] wire:73 -  << "Alt-Svc: quic=":443"; ma=2592000; v="46,43,39"[\r][\n]"
2019-08-07 02:25:33,922 DEBUG [main] wire:73 -  << "Transfer-Encoding: chunked[\r][\n]"
2019-08-07 02:25:33,923 DEBUG [main] wire:73 -  << "[\r][\n]"
2019-08-07 02:25:33,923 DEBUG [main] DefaultClientConnection:259 - Receiving response: HTTP/1.1 200 OK
2019-08-07 02:25:33,924 DEBUG [main] headers:262 - << HTTP/1.1 200 OK
2019-08-07 02:25:33,925 DEBUG [main] headers:265 - << Content-Type: application/json; charset=UTF-8
2019-08-07 02:25:33,925 DEBUG [main] headers:265 - << Date: Tue, 06 Aug 2019 20:55:34 GMT
2019-08-07 02:25:33,926 DEBUG [main] headers:265 - << Pragma: no-cache
2019-08-07 02:25:33,927 DEBUG [main] headers:265 - << Expires: Fri, 01 Jan 1990 00:00:00 GMT
2019-08-07 02:25:33,927 DEBUG [main] headers:265 - << Cache-Control: no-cache, must-revalidate
2019-08-07 02:25:33,928 DEBUG [main] headers:265 - << Vary: Accept-Language
2019-08-07 02:25:33,929 DEBUG [main] headers:265 - << Access-Control-Allow-Origin: *
2019-08-07 02:25:33,929 DEBUG [main] headers:265 - << Content-Encoding: gzip
2019-08-07 02:25:33,930 DEBUG [main] headers:265 - << Server: mafe
2019-08-07 02:25:33,932 DEBUG [main] headers:265 - << X-XSS-Protection: 0
2019-08-07 02:25:33,932 DEBUG [main] headers:265 - << X-Frame-Options: SAMEORIGIN
2019-08-07 02:25:33,933 DEBUG [main] headers:265 - << Server-Timing: gfet4t7; dur=429
2019-08-07 02:25:33,934 DEBUG [main] headers:265 - << Alt-Svc: quic=":443"; ma=2592000; v="46,43,39"
2019-08-07 02:25:33,934 DEBUG [main] headers:265 - << Transfer-Encoding: chunked
2019-08-07 02:25:33,935 DEBUG [main] DefaultHttpClient:509 - Connection can be kept alive indefinitely
2019-08-07 02:25:33,937 DEBUG [main] RequestSpecificationImpl$RestAssuredHttpBuilder:544 - Parsing response as: application/json; charset=UTF-8
2019-08-07 02:25:33,937 DEBUG [main] wire:73 -  << "000d5[\r][\n]"
2019-08-07 02:25:33,938 DEBUG [main] wire:87 -  << "[0x1f][0x8b][0x8][0x0][0x0][0x0][0x0][0x0][0x2][0xff]mO=O[0xc3]0[0x14][0xdc][0xf3]+N[0x9e][0xdb]f[0xcf][0xc6][0xd0]![0x12][0x8]Z[0x1]R[0x85]Pd[0xec][0x97][0xc4]([0xf1]K[0xfd][0x9e]#"[0xc4]'m[0x19][0x19][0xef]t[0x9f][0xdf][0x5][0x0]C)qjF[0x12][0xb1][0x1d][0x19]T0'[0xce][0xe8][0xed]L[0xa0]/G[0xe4][0xc9]c[0xe1][0x9c][0xe0]m[0x18][0x16]$:g[0x12][0xc5]9[0xb3]Z[0xb4][0x9c][0xa0]}[0x10][0xdc]=[0xd5];[0xd4][0xed]E[0x9][0x1f]<"+[0x84][0x14][0x16].[0x8b][0xf2][0xf8][0x9f]{[0x83][0x99]Rh[0x97][[0xfc][0x94][0xf8][0x93][0x9c][0xae][0xcd][0x2][0x1b]a[0x9d][0x86]u[0xc2]G[0x18][0x86][0x10][0xbb][0x15]:[0xce]Q+[0xf4][0xaa]SU[0x96][0xdd][0xce]q[0xe9]i.G;[0xc9]6[0xf2][0xf6]O`6[0xd7]S[0x89]$[0xf]*[0x97];o[0xef]7J[0xd4]j[0xbe]2[0xe6][0xf1]ul[0xe]/[0xfb][0xe3][0xa9][0xb9][0xaf][0x1f][0xea]gS[0xfc][0x14][0xbf]qO[0x3]~[\r][0x1][0x0][0x0]"
2019-08-07 02:25:33,939 DEBUG [main] wire:73 -  << "[\r][\n]"
2019-08-07 02:25:33,940 DEBUG [main] wire:73 -  << "0[\r][\n]"
2019-08-07 02:25:33,940 DEBUG [main] wire:73 -  << "[\r][\n]"
2019-08-07 02:25:33,941 DEBUG [main] RequestSpecificationImpl$RestAssuredHttpBuilder:547 - Parsed data to instance of: class org.apache.http.conn.EofSensorInputStream
2019-08-07 02:25:33,944 DEBUG [main] BasicClientConnectionManager:200 - Releasing connection org.apache.http.impl.conn.ManagedClientConnectionImpl@186978a6
2019-08-07 02:25:33,945 DEBUG [main] BasicClientConnectionManager:225 - Connection can be kept alive indefinitely
2019-08-07 02:25:33,945  INFO [main] ApiTestCase:40 - Get Response for the API{
   "error_message" : "You have exceeded your daily request quota for this API. If you did not set a custom daily request quota, verify your project has an active billing account: http://g.co/dev/maps-no-account",
   "results" : [],
   "status" : "OVER_QUERY_LIMIT"
}

2019-08-07 02:25:33,948  INFO [main] ApiTestCase:42 - Verify the Status Code of the Response
2019-08-07 02:25:33,958  INFO [main] ApiTestCase:62 - verifyApiResponse Test Ended!
2019-08-07 02:28:14,108  INFO [main] ApiTestCase:34 - verifyApiResponse Test Started!
2019-08-07 02:28:16,015 DEBUG [main] BasicClientConnectionManager:161 - Get connection for route {s}->https://maps.googleapis.com:443
2019-08-07 02:28:16,030 DEBUG [main] DefaultClientConnectionOperator:177 - Connecting to maps.googleapis.com:443
2019-08-07 02:28:16,375 DEBUG [main] RequestAddCookies:123 - CookieSpec selected: ignoreCookies
2019-08-07 02:28:16,378 DEBUG [main] RequestAuthCache:77 - Auth cache not set in the context
2019-08-07 02:28:16,379 DEBUG [main] RequestTargetAuthentication:80 - Target auth state: UNCHALLENGED
2019-08-07 02:28:16,381 DEBUG [main] RequestProxyAuthentication:89 - Proxy auth state: UNCHALLENGED
2019-08-07 02:28:16,382 DEBUG [main] DefaultHttpClient:682 - Attempt 1 to execute request
2019-08-07 02:28:16,383 DEBUG [main] DefaultClientConnection:274 - Sending request: GET /maps/api/geocode/json?address=1600%20Amphitheatre%20Parkway%20Mountain%20View%20CA&key=AIzaSyB6WPDbU_19sYkA18qXtCSnV461XcCzR3M HTTP/1.1
2019-08-07 02:28:16,384 DEBUG [main] wire:73 -  >> "GET /maps/api/geocode/json?address=1600%20Amphitheatre%20Parkway%20Mountain%20View%20CA&key=AIzaSyB6WPDbU_19sYkA18qXtCSnV461XcCzR3M HTTP/1.1[\r][\n]"
2019-08-07 02:28:16,386 DEBUG [main] wire:73 -  >> "Accept: */*[\r][\n]"
2019-08-07 02:28:16,387 DEBUG [main] wire:73 -  >> "Host: maps.googleapis.com[\r][\n]"
2019-08-07 02:28:16,388 DEBUG [main] wire:73 -  >> "Connection: Keep-Alive[\r][\n]"
2019-08-07 02:28:16,389 DEBUG [main] wire:73 -  >> "User-Agent: Apache-HttpClient/4.5.3 (Java/1.8.0_181)[\r][\n]"
2019-08-07 02:28:16,389 DEBUG [main] wire:73 -  >> "Accept-Encoding: gzip,deflate[\r][\n]"
2019-08-07 02:28:16,390 DEBUG [main] wire:73 -  >> "[\r][\n]"
2019-08-07 02:28:16,392 DEBUG [main] headers:278 - >> GET /maps/api/geocode/json?address=1600%20Amphitheatre%20Parkway%20Mountain%20View%20CA&key=AIzaSyB6WPDbU_19sYkA18qXtCSnV461XcCzR3M HTTP/1.1
2019-08-07 02:28:16,392 DEBUG [main] headers:281 - >> Accept: */*
2019-08-07 02:28:16,393 DEBUG [main] headers:281 - >> Host: maps.googleapis.com
2019-08-07 02:28:16,394 DEBUG [main] headers:281 - >> Connection: Keep-Alive
2019-08-07 02:28:16,394 DEBUG [main] headers:281 - >> User-Agent: Apache-HttpClient/4.5.3 (Java/1.8.0_181)
2019-08-07 02:28:16,395 DEBUG [main] headers:281 - >> Accept-Encoding: gzip,deflate
2019-08-07 02:28:16,921 DEBUG [main] wire:73 -  << "HTTP/1.1 200 OK[\r][\n]"
2019-08-07 02:28:16,925 DEBUG [main] wire:73 -  << "Content-Type: application/json; charset=UTF-8[\r][\n]"
2019-08-07 02:28:16,926 DEBUG [main] wire:73 -  << "Date: Tue, 06 Aug 2019 20:58:17 GMT[\r][\n]"
2019-08-07 02:28:16,927 DEBUG [main] wire:73 -  << "Pragma: no-cache[\r][\n]"
2019-08-07 02:28:16,928 DEBUG [main] wire:73 -  << "Expires: Fri, 01 Jan 1990 00:00:00 GMT[\r][\n]"
2019-08-07 02:28:16,929 DEBUG [main] wire:73 -  << "Cache-Control: no-cache, must-revalidate[\r][\n]"
2019-08-07 02:28:16,930 DEBUG [main] wire:73 -  << "Vary: Accept-Language[\r][\n]"
2019-08-07 02:28:16,931 DEBUG [main] wire:73 -  << "Access-Control-Allow-Origin: *[\r][\n]"
2019-08-07 02:28:16,932 DEBUG [main] wire:73 -  << "Content-Encoding: gzip[\r][\n]"
2019-08-07 02:28:16,934 DEBUG [main] wire:73 -  << "Server: mafe[\r][\n]"
2019-08-07 02:28:16,935 DEBUG [main] wire:73 -  << "X-XSS-Protection: 0[\r][\n]"
2019-08-07 02:28:16,936 DEBUG [main] wire:73 -  << "X-Frame-Options: SAMEORIGIN[\r][\n]"
2019-08-07 02:28:16,937 DEBUG [main] wire:73 -  << "Server-Timing: gfet4t7; dur=424[\r][\n]"
2019-08-07 02:28:16,938 DEBUG [main] wire:73 -  << "Alt-Svc: quic=":443"; ma=2592000; v="46,43,39"[\r][\n]"
2019-08-07 02:28:16,940 DEBUG [main] wire:73 -  << "Transfer-Encoding: chunked[\r][\n]"
2019-08-07 02:28:16,941 DEBUG [main] wire:73 -  << "[\r][\n]"
2019-08-07 02:28:16,944 DEBUG [main] DefaultClientConnection:259 - Receiving response: HTTP/1.1 200 OK
2019-08-07 02:28:16,945 DEBUG [main] headers:262 - << HTTP/1.1 200 OK
2019-08-07 02:28:16,946 DEBUG [main] headers:265 - << Content-Type: application/json; charset=UTF-8
2019-08-07 02:28:16,947 DEBUG [main] headers:265 - << Date: Tue, 06 Aug 2019 20:58:17 GMT
2019-08-07 02:28:16,947 DEBUG [main] headers:265 - << Pragma: no-cache
2019-08-07 02:28:16,948 DEBUG [main] headers:265 - << Expires: Fri, 01 Jan 1990 00:00:00 GMT
2019-08-07 02:28:16,949 DEBUG [main] headers:265 - << Cache-Control: no-cache, must-revalidate
2019-08-07 02:28:16,949 DEBUG [main] headers:265 - << Vary: Accept-Language
2019-08-07 02:28:16,950 DEBUG [main] headers:265 - << Access-Control-Allow-Origin: *
2019-08-07 02:28:16,950 DEBUG [main] headers:265 - << Content-Encoding: gzip
2019-08-07 02:28:16,950 DEBUG [main] headers:265 - << Server: mafe
2019-08-07 02:28:16,951 DEBUG [main] headers:265 - << X-XSS-Protection: 0
2019-08-07 02:28:16,951 DEBUG [main] headers:265 - << X-Frame-Options: SAMEORIGIN
2019-08-07 02:28:16,951 DEBUG [main] headers:265 - << Server-Timing: gfet4t7; dur=424
2019-08-07 02:28:16,952 DEBUG [main] headers:265 - << Alt-Svc: quic=":443"; ma=2592000; v="46,43,39"
2019-08-07 02:28:16,952 DEBUG [main] headers:265 - << Transfer-Encoding: chunked
2019-08-07 02:28:16,959 DEBUG [main] DefaultHttpClient:509 - Connection can be kept alive indefinitely
2019-08-07 02:28:16,989 DEBUG [main] RequestSpecificationImpl$RestAssuredHttpBuilder:544 - Parsing response as: application/json; charset=UTF-8
2019-08-07 02:28:16,990 DEBUG [main] wire:73 -  << "00000001[\r][\n]"
2019-08-07 02:28:16,991 DEBUG [main] wire:87 -  << "[0x1f]"
2019-08-07 02:28:16,991 DEBUG [main] wire:73 -  << "[\r][\n]"
2019-08-07 02:28:16,992 DEBUG [main] wire:73 -  << "00000001[\r][\n]"
2019-08-07 02:28:16,992 DEBUG [main] wire:87 -  << "[0x8b]"
2019-08-07 02:28:16,992 DEBUG [main] wire:73 -  << "[\r][\n]"
2019-08-07 02:28:16,993 DEBUG [main] wire:73 -  << "00000001[\r][\n]"
2019-08-07 02:28:16,993 DEBUG [main] wire:87 -  << "[0x8]"
2019-08-07 02:28:16,993 DEBUG [main] wire:73 -  << "[\r][\n]"
2019-08-07 02:28:16,994 DEBUG [main] wire:73 -  << "00000001[\r][\n]"
2019-08-07 02:28:16,994 DEBUG [main] wire:87 -  << "[0x0]"
2019-08-07 02:28:16,994 DEBUG [main] wire:73 -  << "[\r][\n]"
2019-08-07 02:28:16,994 DEBUG [main] wire:73 -  << "00000001[\r][\n]"
2019-08-07 02:28:16,995 DEBUG [main] wire:87 -  << "[0x0]"
2019-08-07 02:28:16,995 DEBUG [main] wire:73 -  << "[\r][\n]"
2019-08-07 02:28:16,995 DEBUG [main] wire:73 -  << "00000001[\r][\n]"
2019-08-07 02:28:16,996 DEBUG [main] wire:87 -  << "[0x0]"
2019-08-07 02:28:16,996 DEBUG [main] wire:73 -  << "[\r][\n]"
2019-08-07 02:28:16,996 DEBUG [main] wire:73 -  << "00000001[\r][\n]"
2019-08-07 02:28:16,997 DEBUG [main] wire:87 -  << "[0x0]"
2019-08-07 02:28:16,997 DEBUG [main] wire:73 -  << "[\r][\n]"
2019-08-07 02:28:16,997 DEBUG [main] wire:73 -  << "00000001[\r][\n]"
2019-08-07 02:28:16,998 DEBUG [main] wire:87 -  << "[0x0]"
2019-08-07 02:28:16,998 DEBUG [main] wire:73 -  << "[\r][\n]"
2019-08-07 02:28:16,998 DEBUG [main] wire:73 -  << "1[\r][\n]"
2019-08-07 02:28:16,998 DEBUG [main] wire:87 -  << "[0x2]"
2019-08-07 02:28:16,999 DEBUG [main] wire:73 -  << "[\r][\n]"
2019-08-07 02:28:17,000 DEBUG [main] wire:73 -  << "cc[\r][\n]"
2019-08-07 02:28:17,000 DEBUG [main] wire:87 -  << "[0xff]mO=O[0xc3]0[0x14][0xdc][0xf3]+N[0x9e][0xdb]f[0xcf][0xc6][0xd0]![0x12][0x8]Z[0x1]R[0x85]Pd[0xec][0x97][0xc4]([0xf1]K[0xfd][0x9e]#"[0xc4]'m[0x19][0x19][0xef]t[0x9f][0xdf][0x5][0x0]C)qjF[0x12][0xb1][0x1d][0x19]T0'[0xce][0xe8][0xed]L[0xa0]/G[0xe4][0xc9]c[0xe1][0x9c][0xe0]m[0x18][0x16]$:g[0x12][0xc5]9[0xb3]Z[0xb4][0x9c][0xa0]}[0x10][0xdc]=[0xd5];[0xd4][0xed]E[0x9][0x1f]<"+[0x84][0x14][0x16].[0x8b][0xf2][0xf8][0x9f]{[0x83][0x99]Rh[0x97][[0xfc][0x94][0xf8][0x93][0x9c][0xae][0xcd][0x2][0x1b]a[0x9d][0x86]u[0xc2]G[0x18][0x86][0x10][0xbb][0x15]:[0xce]Q+[0xf4][0xaa]SU[0x96][0xdd][0xce]q[0xe9]i.G;[0xc9]6[0xf2][0xf6]O`6[0xd7]S[0x89]$[0xf]*[0x97];o[0xef]7J[0xd4]j[0xbe]2[0xe6][0xf1]ul[0xe]/[0xfb][0xe3][0xa9][0xb9][0xaf][0x1f][0xea]gS[0xfc][0x14][0xbf]qO[0x3]~[\r][0x1][0x0][0x0]"
2019-08-07 02:28:17,000 DEBUG [main] wire:73 -  << "[\r][\n]"
2019-08-07 02:28:17,002 DEBUG [main] wire:73 -  << "0[\r][\n]"
2019-08-07 02:28:17,003 DEBUG [main] wire:73 -  << "[\r][\n]"
2019-08-07 02:28:17,004 DEBUG [main] RequestSpecificationImpl$RestAssuredHttpBuilder:547 - Parsed data to instance of: class org.apache.http.conn.EofSensorInputStream
2019-08-07 02:28:17,068 DEBUG [main] BasicClientConnectionManager:200 - Releasing connection org.apache.http.impl.conn.ManagedClientConnectionImpl@37bd68c3
2019-08-07 02:28:17,069 DEBUG [main] BasicClientConnectionManager:225 - Connection can be kept alive indefinitely
2019-08-07 02:28:17,071  INFO [main] ApiTestCase:40 - Get Response for the API{
   "error_message" : "You have exceeded your daily request quota for this API. If you did not set a custom daily request quota, verify your project has an active billing account: http://g.co/dev/maps-no-account",
   "results" : [],
   "status" : "OVER_QUERY_LIMIT"
}

2019-08-07 02:28:17,073  INFO [main] ApiTestCase:42 - Verify the Status Code of the Response
2019-08-07 02:28:17,085  INFO [main] ApiTestCase:45 - Verify the Latitude and Lognitude for the Address
2019-08-07 02:28:17,086 ERROR [main] ApiTestCase:51 - Exception Occured in verifyApiResponse Test null
2019-08-07 02:28:17,090  INFO [main] ApiTestCase:60 - verifyApiResponse Test Ended!
2019-08-07 02:28:17,093  INFO [main] ApiTestCase:34 - verifyApiResponse Test Started!
2019-08-07 02:28:17,118 DEBUG [main] BasicClientConnectionManager:161 - Get connection for route {s}->https://maps.googleapis.com:443
2019-08-07 02:28:17,118 DEBUG [main] DefaultClientConnectionOperator:177 - Connecting to maps.googleapis.com:443
2019-08-07 02:28:17,224 DEBUG [main] RequestAddCookies:123 - CookieSpec selected: ignoreCookies
2019-08-07 02:28:17,224 DEBUG [main] RequestAuthCache:77 - Auth cache not set in the context
2019-08-07 02:28:17,225 DEBUG [main] RequestTargetAuthentication:80 - Target auth state: UNCHALLENGED
2019-08-07 02:28:17,225 DEBUG [main] RequestProxyAuthentication:89 - Proxy auth state: UNCHALLENGED
2019-08-07 02:28:17,226 DEBUG [main] DefaultHttpClient:682 - Attempt 1 to execute request
2019-08-07 02:28:17,226 DEBUG [main] DefaultClientConnection:274 - Sending request: GET /maps/api/geocode/json?address=San%20Jose%20Costa%20Mesa%20Orange%20County%20California%2092626%20USA&key=AIzaSyB6WPDbU_19sYkA18qXtCSnV461XcCzR3M HTTP/1.1
2019-08-07 02:28:17,227 DEBUG [main] wire:73 -  >> "GET /maps/api/geocode/json?address=San%20Jose%20Costa%20Mesa%20Orange%20County%20California%2092626%20USA&key=AIzaSyB6WPDbU_19sYkA18qXtCSnV461XcCzR3M HTTP/1.1[\r][\n]"
2019-08-07 02:28:17,227 DEBUG [main] wire:73 -  >> "Accept: */*[\r][\n]"
2019-08-07 02:28:17,227 DEBUG [main] wire:73 -  >> "Host: maps.googleapis.com[\r][\n]"
2019-08-07 02:28:17,228 DEBUG [main] wire:73 -  >> "Connection: Keep-Alive[\r][\n]"
2019-08-07 02:28:17,228 DEBUG [main] wire:73 -  >> "User-Agent: Apache-HttpClient/4.5.3 (Java/1.8.0_181)[\r][\n]"
2019-08-07 02:28:17,229 DEBUG [main] wire:73 -  >> "Accept-Encoding: gzip,deflate[\r][\n]"
2019-08-07 02:28:17,229 DEBUG [main] wire:73 -  >> "[\r][\n]"
2019-08-07 02:28:17,229 DEBUG [main] headers:278 - >> GET /maps/api/geocode/json?address=San%20Jose%20Costa%20Mesa%20Orange%20County%20California%2092626%20USA&key=AIzaSyB6WPDbU_19sYkA18qXtCSnV461XcCzR3M HTTP/1.1
2019-08-07 02:28:17,230 DEBUG [main] headers:281 - >> Accept: */*
2019-08-07 02:28:17,230 DEBUG [main] headers:281 - >> Host: maps.googleapis.com
2019-08-07 02:28:17,230 DEBUG [main] headers:281 - >> Connection: Keep-Alive
2019-08-07 02:28:17,231 DEBUG [main] headers:281 - >> User-Agent: Apache-HttpClient/4.5.3 (Java/1.8.0_181)
2019-08-07 02:28:17,231 DEBUG [main] headers:281 - >> Accept-Encoding: gzip,deflate
2019-08-07 02:28:17,345 DEBUG [main] wire:73 -  << "HTTP/1.1 200 OK[\r][\n]"
2019-08-07 02:28:17,347 DEBUG [main] wire:73 -  << "Content-Type: application/json; charset=UTF-8[\r][\n]"
2019-08-07 02:28:17,348 DEBUG [main] wire:73 -  << "Date: Tue, 06 Aug 2019 20:58:17 GMT[\r][\n]"
2019-08-07 02:28:17,349 DEBUG [main] wire:73 -  << "Pragma: no-cache[\r][\n]"
2019-08-07 02:28:17,350 DEBUG [main] wire:73 -  << "Expires: Fri, 01 Jan 1990 00:00:00 GMT[\r][\n]"
2019-08-07 02:28:17,350 DEBUG [main] wire:73 -  << "Cache-Control: no-cache, must-revalidate[\r][\n]"
2019-08-07 02:28:17,351 DEBUG [main] wire:73 -  << "Vary: Accept-Language[\r][\n]"
2019-08-07 02:28:17,352 DEBUG [main] wire:73 -  << "Access-Control-Allow-Origin: *[\r][\n]"
2019-08-07 02:28:17,353 DEBUG [main] wire:73 -  << "Content-Encoding: gzip[\r][\n]"
2019-08-07 02:28:17,354 DEBUG [main] wire:73 -  << "Server: mafe[\r][\n]"
2019-08-07 02:28:17,356 DEBUG [main] wire:73 -  << "X-XSS-Protection: 0[\r][\n]"
2019-08-07 02:28:17,357 DEBUG [main] wire:73 -  << "X-Frame-Options: SAMEORIGIN[\r][\n]"
2019-08-07 02:28:17,357 DEBUG [main] wire:73 -  << "Server-Timing: gfet4t7; dur=36[\r][\n]"
2019-08-07 02:28:17,358 DEBUG [main] wire:73 -  << "Alt-Svc: quic=":443"; ma=2592000; v="46,43,39"[\r][\n]"
2019-08-07 02:28:17,359 DEBUG [main] wire:73 -  << "Transfer-Encoding: chunked[\r][\n]"
2019-08-07 02:28:17,360 DEBUG [main] wire:73 -  << "[\r][\n]"
2019-08-07 02:28:17,361 DEBUG [main] DefaultClientConnection:259 - Receiving response: HTTP/1.1 200 OK
2019-08-07 02:28:17,362 DEBUG [main] headers:262 - << HTTP/1.1 200 OK
2019-08-07 02:28:17,362 DEBUG [main] headers:265 - << Content-Type: application/json; charset=UTF-8
2019-08-07 02:28:17,363 DEBUG [main] headers:265 - << Date: Tue, 06 Aug 2019 20:58:17 GMT
2019-08-07 02:28:17,365 DEBUG [main] headers:265 - << Pragma: no-cache
2019-08-07 02:28:17,365 DEBUG [main] headers:265 - << Expires: Fri, 01 Jan 1990 00:00:00 GMT
2019-08-07 02:28:17,366 DEBUG [main] headers:265 - << Cache-Control: no-cache, must-revalidate
2019-08-07 02:28:17,367 DEBUG [main] headers:265 - << Vary: Accept-Language
2019-08-07 02:28:17,367 DEBUG [main] headers:265 - << Access-Control-Allow-Origin: *
2019-08-07 02:28:17,368 DEBUG [main] headers:265 - << Content-Encoding: gzip
2019-08-07 02:28:17,369 DEBUG [main] headers:265 - << Server: mafe
2019-08-07 02:28:17,369 DEBUG [main] headers:265 - << X-XSS-Protection: 0
2019-08-07 02:28:17,370 DEBUG [main] headers:265 - << X-Frame-Options: SAMEORIGIN
2019-08-07 02:28:17,370 DEBUG [main] headers:265 - << Server-Timing: gfet4t7; dur=36
2019-08-07 02:28:17,371 DEBUG [main] headers:265 - << Alt-Svc: quic=":443"; ma=2592000; v="46,43,39"
2019-08-07 02:28:17,371 DEBUG [main] headers:265 - << Transfer-Encoding: chunked
2019-08-07 02:28:17,372 DEBUG [main] DefaultHttpClient:509 - Connection can be kept alive indefinitely
2019-08-07 02:28:17,373 DEBUG [main] RequestSpecificationImpl$RestAssuredHttpBuilder:544 - Parsing response as: application/json; charset=UTF-8
2019-08-07 02:28:17,374 DEBUG [main] wire:73 -  << "00000001[\r][\n]"
2019-08-07 02:28:17,374 DEBUG [main] wire:87 -  << "[0x1f]"
2019-08-07 02:28:17,375 DEBUG [main] wire:73 -  << "[\r][\n]"
2019-08-07 02:28:17,375 DEBUG [main] wire:73 -  << "00000001[\r][\n]"
2019-08-07 02:28:17,375 DEBUG [main] wire:87 -  << "[0x8b]"
2019-08-07 02:28:17,384 DEBUG [main] wire:73 -  << "[\r][\n]"
2019-08-07 02:28:17,384 DEBUG [main] wire:73 -  << "00000001[\r][\n]"
2019-08-07 02:28:17,385 DEBUG [main] wire:87 -  << "[0x8]"
2019-08-07 02:28:17,385 DEBUG [main] wire:73 -  << "[\r][\n]"
2019-08-07 02:28:17,386 DEBUG [main] wire:73 -  << "00000001[\r][\n]"
2019-08-07 02:28:17,386 DEBUG [main] wire:87 -  << "[0x0]"
2019-08-07 02:28:17,386 DEBUG [main] wire:73 -  << "[\r][\n]"
2019-08-07 02:28:17,387 DEBUG [main] wire:73 -  << "00000001[\r][\n]"
2019-08-07 02:28:17,387 DEBUG [main] wire:87 -  << "[0x0]"
2019-08-07 02:28:17,387 DEBUG [main] wire:73 -  << "[\r][\n]"
2019-08-07 02:28:17,388 DEBUG [main] wire:73 -  << "00000001[\r][\n]"
2019-08-07 02:28:17,388 DEBUG [main] wire:87 -  << "[0x0]"
2019-08-07 02:28:17,388 DEBUG [main] wire:73 -  << "[\r][\n]"
2019-08-07 02:28:17,389 DEBUG [main] wire:73 -  << "00000001[\r][\n]"
2019-08-07 02:28:17,389 DEBUG [main] wire:87 -  << "[0x0]"
2019-08-07 02:28:17,389 DEBUG [main] wire:73 -  << "[\r][\n]"
2019-08-07 02:28:17,390 DEBUG [main] wire:73 -  << "00000001[\r][\n]"
2019-08-07 02:28:17,390 DEBUG [main] wire:87 -  << "[0x0]"
2019-08-07 02:28:17,391 DEBUG [main] wire:73 -  << "[\r][\n]"
2019-08-07 02:28:17,391 DEBUG [main] wire:73 -  << "00000001[\r][\n]"
2019-08-07 02:28:17,391 DEBUG [main] wire:87 -  << "[0x2]"
2019-08-07 02:28:17,392 DEBUG [main] wire:73 -  << "[\r][\n]"
2019-08-07 02:28:17,392 DEBUG [main] wire:73 -  << "00000001[\r][\n]"
2019-08-07 02:28:17,393 DEBUG [main] wire:87 -  << "[0xff]"
2019-08-07 02:28:17,393 DEBUG [main] wire:73 -  << "[\r][\n]"
2019-08-07 02:28:17,393 DEBUG [main] wire:73 -  << "00001[\r][\n]"
2019-08-07 02:28:17,394 DEBUG [main] wire:87 -  << "m"
2019-08-07 02:28:17,394 DEBUG [main] wire:73 -  << "[\r][\n]"
2019-08-07 02:28:17,394 DEBUG [main] wire:73 -  << "ca[\r][\n]"
2019-08-07 02:28:17,395 DEBUG [main] wire:87 -  << "O=O[0xc3]0[0x14][0xdc][0xf3]+N[0x9e][0xdb]f[0xcf][0xc6][0xd0]![0x12][0x8]Z[0x1]R[0x85]Pd[0xec][0x97][0xc4]([0xf1]K[0xfd][0x9e]#"[0xc4]'m[0x19][0x19][0xef]t[0x9f][0xdf][0x5][0x0]C)qjF[0x12][0xb1][0x1d][0x19]T0'[0xce][0xe8][0xed]L[0xa0]/G[0xe4][0xc9]c[0xe1][0x9c][0xe0]m[0x18][0x16]$:g[0x12][0xc5]9[0xb3]Z[0xb4][0x9c][0xa0]}[0x10][0xdc]=[0xd5];[0xd4][0xed]E[0x9][0x1f]<"+[0x84][0x14][0x16].[0x8b][0xf2][0xf8][0x9f]{[0x83][0x99]Rh[0x97][[0xfc][0x94][0xf8][0x93][0x9c][0xae][0xcd][0x2][0x1b]a[0x9d][0x86]u[0xc2]G[0x18][0x86][0x10][0xbb][0x15]:[0xce]Q+[0xf4][0xaa]SU[0x96][0xdd][0xce]q[0xe9]i.G;[0xc9]6[0xf2][0xf6]O`6[0xd7]S[0x89]$[0xf]*[0x97];o[0xef]7J[0xd4]j[0xbe]2[0xe6][0xf1]ul[0xe]/[0xfb][0xe3][0xa9][0xb9][0xaf][0x1f][0xea]gS[0xfc][0x14][0xbf]qO[0x3]~[\r][0x1][0x0][0x0]"
2019-08-07 02:28:17,395 DEBUG [main] wire:73 -  << "[\r][\n]"
2019-08-07 02:28:17,396 DEBUG [main] wire:73 -  << "0[\r][\n]"
2019-08-07 02:28:17,396 DEBUG [main] wire:73 -  << "[\r][\n]"
2019-08-07 02:28:17,396 DEBUG [main] RequestSpecificationImpl$RestAssuredHttpBuilder:547 - Parsed data to instance of: class org.apache.http.conn.EofSensorInputStream
2019-08-07 02:28:17,398 DEBUG [main] BasicClientConnectionManager:200 - Releasing connection org.apache.http.impl.conn.ManagedClientConnectionImpl@350ec41e
2019-08-07 02:28:17,398 DEBUG [main] BasicClientConnectionManager:225 - Connection can be kept alive indefinitely
2019-08-07 02:28:17,398  INFO [main] ApiTestCase:40 - Get Response for the API{
   "error_message" : "You have exceeded your daily request quota for this API. If you did not set a custom daily request quota, verify your project has an active billing account: http://g.co/dev/maps-no-account",
   "results" : [],
   "status" : "OVER_QUERY_LIMIT"
}

2019-08-07 02:28:17,399  INFO [main] ApiTestCase:42 - Verify the Status Code of the Response
2019-08-07 02:28:17,400  INFO [main] ApiTestCase:45 - Verify the Latitude and Lognitude for the Address
2019-08-07 02:28:17,400 ERROR [main] ApiTestCase:51 - Exception Occured in verifyApiResponse Test null
2019-08-07 02:28:17,402  INFO [main] ApiTestCase:60 - verifyApiResponse Test Ended!
2019-08-07 02:28:17,403  INFO [main] ApiTestCase:34 - verifyApiResponse Test Started!
2019-08-07 02:28:17,416 DEBUG [main] BasicClientConnectionManager:161 - Get connection for route {s}->https://maps.googleapis.com:443
2019-08-07 02:28:17,417 DEBUG [main] DefaultClientConnectionOperator:177 - Connecting to maps.googleapis.com:443
2019-08-07 02:28:17,546 DEBUG [main] RequestAddCookies:123 - CookieSpec selected: ignoreCookies
2019-08-07 02:28:17,547 DEBUG [main] RequestAuthCache:77 - Auth cache not set in the context
2019-08-07 02:28:17,547 DEBUG [main] RequestTargetAuthentication:80 - Target auth state: UNCHALLENGED
2019-08-07 02:28:17,548 DEBUG [main] RequestProxyAuthentication:89 - Proxy auth state: UNCHALLENGED
2019-08-07 02:28:17,548 DEBUG [main] DefaultHttpClient:682 - Attempt 1 to execute request
2019-08-07 02:28:17,549 DEBUG [main] DefaultClientConnection:274 - Sending request: GET /maps/api/geocode/json?address=488%20S%20Almaden%20Ave%20San%20Jose%20CA%2095110%20USA&key=AIzaSyB6WPDbU_19sYkA18qXtCSnV461XcCzR3M HTTP/1.1
2019-08-07 02:28:17,550 DEBUG [main] wire:73 -  >> "GET /maps/api/geocode/json?address=488%20S%20Almaden%20Ave%20San%20Jose%20CA%2095110%20USA&key=AIzaSyB6WPDbU_19sYkA18qXtCSnV461XcCzR3M HTTP/1.1[\r][\n]"
2019-08-07 02:28:17,550 DEBUG [main] wire:73 -  >> "Accept: */*[\r][\n]"
2019-08-07 02:28:17,551 DEBUG [main] wire:73 -  >> "Host: maps.googleapis.com[\r][\n]"
2019-08-07 02:28:17,551 DEBUG [main] wire:73 -  >> "Connection: Keep-Alive[\r][\n]"
2019-08-07 02:28:17,552 DEBUG [main] wire:73 -  >> "User-Agent: Apache-HttpClient/4.5.3 (Java/1.8.0_181)[\r][\n]"
2019-08-07 02:28:17,552 DEBUG [main] wire:73 -  >> "Accept-Encoding: gzip,deflate[\r][\n]"
2019-08-07 02:28:17,553 DEBUG [main] wire:73 -  >> "[\r][\n]"
2019-08-07 02:28:17,553 DEBUG [main] headers:278 - >> GET /maps/api/geocode/json?address=488%20S%20Almaden%20Ave%20San%20Jose%20CA%2095110%20USA&key=AIzaSyB6WPDbU_19sYkA18qXtCSnV461XcCzR3M HTTP/1.1
2019-08-07 02:28:17,554 DEBUG [main] headers:281 - >> Accept: */*
2019-08-07 02:28:17,554 DEBUG [main] headers:281 - >> Host: maps.googleapis.com
2019-08-07 02:28:17,555 DEBUG [main] headers:281 - >> Connection: Keep-Alive
2019-08-07 02:28:17,555 DEBUG [main] headers:281 - >> User-Agent: Apache-HttpClient/4.5.3 (Java/1.8.0_181)
2019-08-07 02:28:17,556 DEBUG [main] headers:281 - >> Accept-Encoding: gzip,deflate
2019-08-07 02:28:17,658 DEBUG [main] wire:73 -  << "HTTP/1.1 200 OK[\r][\n]"
2019-08-07 02:28:17,659 DEBUG [main] wire:73 -  << "Content-Type: application/json; charset=UTF-8[\r][\n]"
2019-08-07 02:28:17,659 DEBUG [main] wire:73 -  << "Date: Tue, 06 Aug 2019 20:58:17 GMT[\r][\n]"
2019-08-07 02:28:17,659 DEBUG [main] wire:73 -  << "Pragma: no-cache[\r][\n]"
2019-08-07 02:28:17,660 DEBUG [main] wire:73 -  << "Expires: Fri, 01 Jan 1990 00:00:00 GMT[\r][\n]"
2019-08-07 02:28:17,660 DEBUG [main] wire:73 -  << "Cache-Control: no-cache, must-revalidate[\r][\n]"
2019-08-07 02:28:17,660 DEBUG [main] wire:73 -  << "Vary: Accept-Language[\r][\n]"
2019-08-07 02:28:17,660 DEBUG [main] wire:73 -  << "Access-Control-Allow-Origin: *[\r][\n]"
2019-08-07 02:28:17,661 DEBUG [main] wire:73 -  << "Content-Encoding: gzip[\r][\n]"
2019-08-07 02:28:17,661 DEBUG [main] wire:73 -  << "Server: mafe[\r][\n]"
2019-08-07 02:28:17,661 DEBUG [main] wire:73 -  << "X-XSS-Protection: 0[\r][\n]"
2019-08-07 02:28:17,662 DEBUG [main] wire:73 -  << "X-Frame-Options: SAMEORIGIN[\r][\n]"
2019-08-07 02:28:17,662 DEBUG [main] wire:73 -  << "Server-Timing: gfet4t7; dur=27[\r][\n]"
2019-08-07 02:28:17,662 DEBUG [main] wire:73 -  << "Alt-Svc: quic=":443"; ma=2592000; v="46,43,39"[\r][\n]"
2019-08-07 02:28:17,662 DEBUG [main] wire:73 -  << "Transfer-Encoding: chunked[\r][\n]"
2019-08-07 02:28:17,662 DEBUG [main] wire:73 -  << "[\r][\n]"
2019-08-07 02:28:17,663 DEBUG [main] DefaultClientConnection:259 - Receiving response: HTTP/1.1 200 OK
2019-08-07 02:28:17,663 DEBUG [main] headers:262 - << HTTP/1.1 200 OK
2019-08-07 02:28:17,663 DEBUG [main] headers:265 - << Content-Type: application/json; charset=UTF-8
2019-08-07 02:28:17,664 DEBUG [main] headers:265 - << Date: Tue, 06 Aug 2019 20:58:17 GMT
2019-08-07 02:28:17,664 DEBUG [main] headers:265 - << Pragma: no-cache
2019-08-07 02:28:17,664 DEBUG [main] headers:265 - << Expires: Fri, 01 Jan 1990 00:00:00 GMT
2019-08-07 02:28:17,664 DEBUG [main] headers:265 - << Cache-Control: no-cache, must-revalidate
2019-08-07 02:28:17,664 DEBUG [main] headers:265 - << Vary: Accept-Language
2019-08-07 02:28:17,665 DEBUG [main] headers:265 - << Access-Control-Allow-Origin: *
2019-08-07 02:28:17,665 DEBUG [main] headers:265 - << Content-Encoding: gzip
2019-08-07 02:28:17,665 DEBUG [main] headers:265 - << Server: mafe
2019-08-07 02:28:17,666 DEBUG [main] headers:265 - << X-XSS-Protection: 0
2019-08-07 02:28:17,666 DEBUG [main] headers:265 - << X-Frame-Options: SAMEORIGIN
2019-08-07 02:28:17,666 DEBUG [main] headers:265 - << Server-Timing: gfet4t7; dur=27
2019-08-07 02:28:17,667 DEBUG [main] headers:265 - << Alt-Svc: quic=":443"; ma=2592000; v="46,43,39"
2019-08-07 02:28:17,667 DEBUG [main] headers:265 - << Transfer-Encoding: chunked
2019-08-07 02:28:17,668 DEBUG [main] DefaultHttpClient:509 - Connection can be kept alive indefinitely
2019-08-07 02:28:17,669 DEBUG [main] RequestSpecificationImpl$RestAssuredHttpBuilder:544 - Parsing response as: application/json; charset=UTF-8
2019-08-07 02:28:17,669 DEBUG [main] wire:73 -  << "000d5[\r][\n]"
2019-08-07 02:28:17,670 DEBUG [main] wire:87 -  << "[0x1f][0x8b][0x8][0x0][0x0][0x0][0x0][0x0][0x2][0xff]mO=O[0xc3]0[0x14][0xdc][0xf3]+N[0x9e][0xdb]f[0xcf][0xc6][0xd0]![0x12][0x8]Z[0x1]R[0x85]Pd[0xec][0x97][0xc4]([0xf1]K[0xfd][0x9e]#"[0xc4]'m[0x19][0x19][0xef]t[0x9f][0xdf][0x5][0x0]C)qjF[0x12][0xb1][0x1d][0x19]T0'[0xce][0xe8][0xed]L[0xa0]/G[0xe4][0xc9]c[0xe1][0x9c][0xe0]m[0x18][0x16]$:g[0x12][0xc5]9[0xb3]Z[0xb4][0x9c][0xa0]}[0x10][0xdc]=[0xd5];[0xd4][0xed]E[0x9][0x1f]<"+[0x84][0x14][0x16].[0x8b][0xf2][0xf8][0x9f]{[0x83][0x99]Rh[0x97][[0xfc][0x94][0xf8][0x93][0x9c][0xae][0xcd][0x2][0x1b]a[0x9d][0x86]u[0xc2]G[0x18][0x86][0x10][0xbb][0x15]:[0xce]Q+[0xf4][0xaa]SU[0x96][0xdd][0xce]q[0xe9]i.G;[0xc9]6[0xf2][0xf6]O`6[0xd7]S[0x89]$[0xf]*[0x97];o[0xef]7J[0xd4]j[0xbe]2[0xe6][0xf1]ul[0xe]/[0xfb][0xe3][0xa9][0xb9][0xaf][0x1f][0xea]gS[0xfc][0x14][0xbf]qO[0x3]~[\r][0x1][0x0][0x0]"
2019-08-07 02:28:17,671 DEBUG [main] wire:73 -  << "[\r][\n]"
2019-08-07 02:28:17,671 DEBUG [main] wire:73 -  << "0[\r][\n]"
2019-08-07 02:28:17,672 DEBUG [main] wire:73 -  << "[\r][\n]"
2019-08-07 02:28:17,673 DEBUG [main] RequestSpecificationImpl$RestAssuredHttpBuilder:547 - Parsed data to instance of: class org.apache.http.conn.EofSensorInputStream
2019-08-07 02:28:17,674 DEBUG [main] BasicClientConnectionManager:200 - Releasing connection org.apache.http.impl.conn.ManagedClientConnectionImpl@2ed3b1f5
2019-08-07 02:28:17,675 DEBUG [main] BasicClientConnectionManager:225 - Connection can be kept alive indefinitely
2019-08-07 02:28:17,675  INFO [main] ApiTestCase:40 - Get Response for the API{
   "error_message" : "You have exceeded your daily request quota for this API. If you did not set a custom daily request quota, verify your project has an active billing account: http://g.co/dev/maps-no-account",
   "results" : [],
   "status" : "OVER_QUERY_LIMIT"
}

2019-08-07 02:28:17,677  INFO [main] ApiTestCase:42 - Verify the Status Code of the Response
2019-08-07 02:28:17,678  INFO [main] ApiTestCase:45 - Verify the Latitude and Lognitude for the Address
2019-08-07 02:28:17,678 ERROR [main] ApiTestCase:51 - Exception Occured in verifyApiResponse Test null
2019-08-07 02:28:17,681  INFO [main] ApiTestCase:60 - verifyApiResponse Test Ended!
